{"level":"info","message":"Connected to Redis","service":"api-gateway","timestamp":"2025-09-30 02:24:32"}
{"level":"info","message":"API Gateway running on port 3000","service":"api-gateway","timestamp":"2025-09-30 02:24:32"}
{"level":"info","message":"Available endpoints:","service":"api-gateway","timestamp":"2025-09-30 02:24:32"}
{"level":"info","message":"  - Health: http://localhost:3000/health","service":"api-gateway","timestamp":"2025-09-30 02:24:32"}
{"level":"info","message":"  - API Docs: http://localhost:3000/api/docs","service":"api-gateway","timestamp":"2025-09-30 02:24:32"}
{"level":"info","message":"  - Documents: http://localhost:3000/api/documents","service":"api-gateway","timestamp":"2025-09-30 02:24:32"}
{"level":"info","message":"  - Chat: http://localhost:3000/api/chat","service":"api-gateway","timestamp":"2025-09-30 02:24:32"}
{"level":"info","message":"  - Files: http://localhost:3000/api/files","service":"api-gateway","timestamp":"2025-09-30 02:24:32"}
{"level":"info","message":"  - AI: http://localhost:3000/api/ai","service":"api-gateway","timestamp":"2025-09-30 02:24:32"}
{"level":"info","message":"  - Vectors: http://localhost:3000/api/vectors","service":"api-gateway","timestamp":"2025-09-30 02:24:32"}
{"level":"info","message":"::1 - - [30/Sep/2025:02:24:36 +0000] \"GET /health HTTP/1.1\" 200 122 \"-\" \"-\"","service":"api-gateway","timestamp":"2025-09-30 02:24:36"}
{"level":"info","message":"::1 - - [30/Sep/2025:02:25:06 +0000] \"GET /health HTTP/1.1\" 200 121 \"-\" \"-\"","service":"api-gateway","timestamp":"2025-09-30 02:25:06"}
{"level":"info","message":"::1 - - [30/Sep/2025:02:25:36 +0000] \"GET /health HTTP/1.1\" 200 123 \"-\" \"-\"","service":"api-gateway","timestamp":"2025-09-30 02:25:36"}
{"level":"info","message":"::1 - - [30/Sep/2025:02:26:06 +0000] \"GET /health HTTP/1.1\" 200 123 \"-\" \"-\"","service":"api-gateway","timestamp":"2025-09-30 02:26:06"}
{"level":"info","message":"::1 - - [30/Sep/2025:02:26:36 +0000] \"GET /health HTTP/1.1\" 200 124 \"-\" \"-\"","service":"api-gateway","timestamp":"2025-09-30 02:26:36"}
{"level":"info","message":"::1 - - [30/Sep/2025:02:27:06 +0000] \"GET /health HTTP/1.1\" 200 124 \"-\" \"-\"","service":"api-gateway","timestamp":"2025-09-30 02:27:06"}
{"level":"info","message":"::1 - - [30/Sep/2025:02:27:36 +0000] \"GET /health HTTP/1.1\" 200 124 \"-\" \"-\"","service":"api-gateway","timestamp":"2025-09-30 02:27:36"}
{"level":"info","message":"::1 - - [30/Sep/2025:02:28:06 +0000] \"GET /health HTTP/1.1\" 200 124 \"-\" \"-\"","service":"api-gateway","timestamp":"2025-09-30 02:28:06"}
{"level":"info","message":"::1 - - [30/Sep/2025:02:28:37 +0000] \"GET /health HTTP/1.1\" 200 124 \"-\" \"-\"","service":"api-gateway","timestamp":"2025-09-30 02:28:37"}
{"level":"info","message":"::1 - - [30/Sep/2025:02:29:07 +0000] \"GET /health HTTP/1.1\" 200 124 \"-\" \"-\"","service":"api-gateway","timestamp":"2025-09-30 02:29:07"}
{"activeConnections":0,"averageResponseTime":1,"errorRate":0,"level":"info","message":"Current metrics:","service":"api-gateway","timestamp":"2025-09-30 02:29:32","totalRequests":10}
{"level":"info","message":"::1 - - [30/Sep/2025:02:29:37 +0000] \"GET /health HTTP/1.1\" 200 124 \"-\" \"-\"","service":"api-gateway","timestamp":"2025-09-30 02:29:37"}
{"level":"info","message":"::1 - - [30/Sep/2025:02:30:07 +0000] \"GET /health HTTP/1.1\" 200 124 \"-\" \"-\"","service":"api-gateway","timestamp":"2025-09-30 02:30:07"}
{"level":"info","message":"::1 - - [30/Sep/2025:02:30:37 +0000] \"GET /health HTTP/1.1\" 200 124 \"-\" \"-\"","service":"api-gateway","timestamp":"2025-09-30 02:30:37"}
{"level":"info","message":"::1 - - [30/Sep/2025:02:31:07 +0000] \"GET /health HTTP/1.1\" 200 124 \"-\" \"-\"","service":"api-gateway","timestamp":"2025-09-30 02:31:07"}
{"level":"info","message":"::1 - - [30/Sep/2025:02:31:37 +0000] \"GET /health HTTP/1.1\" 200 124 \"-\" \"-\"","service":"api-gateway","timestamp":"2025-09-30 02:31:37"}
{"level":"info","message":"::1 - - [30/Sep/2025:02:32:07 +0000] \"GET /health HTTP/1.1\" 200 124 \"-\" \"-\"","service":"api-gateway","timestamp":"2025-09-30 02:32:07"}
{"level":"info","message":"::1 - - [30/Sep/2025:02:32:37 +0000] \"GET /health HTTP/1.1\" 200 124 \"-\" \"-\"","service":"api-gateway","timestamp":"2025-09-30 02:32:37"}
{"level":"info","message":"::1 - - [30/Sep/2025:02:33:07 +0000] \"GET /health HTTP/1.1\" 200 124 \"-\" \"-\"","service":"api-gateway","timestamp":"2025-09-30 02:33:07"}
{"level":"info","message":"::1 - - [30/Sep/2025:02:33:37 +0000] \"GET /health HTTP/1.1\" 200 124 \"-\" \"-\"","service":"api-gateway","timestamp":"2025-09-30 02:33:37"}
{"level":"info","message":"::1 - - [30/Sep/2025:02:34:07 +0000] \"GET /health HTTP/1.1\" 200 123 \"-\" \"-\"","service":"api-gateway","timestamp":"2025-09-30 02:34:07"}
{"activeConnections":0,"averageResponseTime":0,"errorRate":0,"level":"info","message":"Current metrics:","service":"api-gateway","timestamp":"2025-09-30 02:34:32","totalRequests":20}
{"level":"info","message":"::1 - - [30/Sep/2025:02:34:37 +0000] \"GET /health HTTP/1.1\" 200 124 \"-\" \"-\"","service":"api-gateway","timestamp":"2025-09-30 02:34:37"}
{"level":"info","message":"::1 - - [30/Sep/2025:02:35:07 +0000] \"GET /health HTTP/1.1\" 200 124 \"-\" \"-\"","service":"api-gateway","timestamp":"2025-09-30 02:35:07"}
{"level":"info","message":"::1 - - [30/Sep/2025:02:35:37 +0000] \"GET /health HTTP/1.1\" 200 124 \"-\" \"-\"","service":"api-gateway","timestamp":"2025-09-30 02:35:37"}
{"level":"info","message":"::1 - - [30/Sep/2025:02:36:07 +0000] \"GET /health HTTP/1.1\" 200 124 \"-\" \"-\"","service":"api-gateway","timestamp":"2025-09-30 02:36:07"}
{"level":"info","message":"::1 - - [30/Sep/2025:02:36:38 +0000] \"GET /health HTTP/1.1\" 200 124 \"-\" \"-\"","service":"api-gateway","timestamp":"2025-09-30 02:36:38"}
{"level":"info","message":"::1 - - [30/Sep/2025:02:37:08 +0000] \"GET /health HTTP/1.1\" 200 124 \"-\" \"-\"","service":"api-gateway","timestamp":"2025-09-30 02:37:08"}
{"level":"info","message":"::1 - - [30/Sep/2025:02:37:38 +0000] \"GET /health HTTP/1.1\" 200 122 \"-\" \"-\"","service":"api-gateway","timestamp":"2025-09-30 02:37:38"}
{"level":"info","message":"::1 - - [30/Sep/2025:02:38:08 +0000] \"GET /health HTTP/1.1\" 200 124 \"-\" \"-\"","service":"api-gateway","timestamp":"2025-09-30 02:38:08"}
{"level":"info","message":"::1 - - [30/Sep/2025:02:38:38 +0000] \"GET /health HTTP/1.1\" 200 124 \"-\" \"-\"","service":"api-gateway","timestamp":"2025-09-30 02:38:38"}
{"level":"info","message":"::1 - - [30/Sep/2025:02:39:08 +0000] \"GET /health HTTP/1.1\" 200 124 \"-\" \"-\"","service":"api-gateway","timestamp":"2025-09-30 02:39:08"}
{"activeConnections":0,"averageResponseTime":0,"errorRate":0,"level":"info","message":"Current metrics:","service":"api-gateway","timestamp":"2025-09-30 02:39:32","totalRequests":30}
{"level":"info","message":"::1 - - [30/Sep/2025:02:39:38 +0000] \"GET /health HTTP/1.1\" 200 124 \"-\" \"-\"","service":"api-gateway","timestamp":"2025-09-30 02:39:38"}
{"level":"info","message":"::1 - - [30/Sep/2025:02:40:08 +0000] \"GET /health HTTP/1.1\" 200 124 \"-\" \"-\"","service":"api-gateway","timestamp":"2025-09-30 02:40:08"}
{"level":"info","message":"::1 - - [30/Sep/2025:02:40:38 +0000] \"GET /health HTTP/1.1\" 200 124 \"-\" \"-\"","service":"api-gateway","timestamp":"2025-09-30 02:40:38"}
{"level":"info","message":"::1 - - [30/Sep/2025:02:41:08 +0000] \"GET /health HTTP/1.1\" 200 124 \"-\" \"-\"","service":"api-gateway","timestamp":"2025-09-30 02:41:08"}
{"level":"info","message":"::1 - - [30/Sep/2025:02:41:38 +0000] \"GET /health HTTP/1.1\" 200 125 \"-\" \"-\"","service":"api-gateway","timestamp":"2025-09-30 02:41:38"}
{"level":"info","message":"::1 - - [30/Sep/2025:02:42:08 +0000] \"GET /health HTTP/1.1\" 200 125 \"-\" \"-\"","service":"api-gateway","timestamp":"2025-09-30 02:42:08"}
{"level":"info","message":"::1 - - [30/Sep/2025:02:42:38 +0000] \"GET /health HTTP/1.1\" 200 125 \"-\" \"-\"","service":"api-gateway","timestamp":"2025-09-30 02:42:38"}
{"level":"info","message":"::1 - - [30/Sep/2025:02:43:08 +0000] \"GET /health HTTP/1.1\" 200 125 \"-\" \"-\"","service":"api-gateway","timestamp":"2025-09-30 02:43:08"}
{"level":"info","message":"::1 - - [30/Sep/2025:02:43:38 +0000] \"GET /health HTTP/1.1\" 200 125 \"-\" \"-\"","service":"api-gateway","timestamp":"2025-09-30 02:43:38"}
{"level":"info","message":"::1 - - [30/Sep/2025:02:44:09 +0000] \"GET /health HTTP/1.1\" 200 125 \"-\" \"-\"","service":"api-gateway","timestamp":"2025-09-30 02:44:09"}
{"activeConnections":0,"averageResponseTime":0,"errorRate":0,"level":"info","message":"Current metrics:","service":"api-gateway","timestamp":"2025-09-30 02:44:32","totalRequests":40}
{"level":"info","message":"::1 - - [30/Sep/2025:02:44:39 +0000] \"GET /health HTTP/1.1\" 200 125 \"-\" \"-\"","service":"api-gateway","timestamp":"2025-09-30 02:44:39"}
{"level":"info","message":"::1 - - [30/Sep/2025:02:45:09 +0000] \"GET /health HTTP/1.1\" 200 125 \"-\" \"-\"","service":"api-gateway","timestamp":"2025-09-30 02:45:09"}
{"level":"info","message":"::1 - - [30/Sep/2025:02:45:39 +0000] \"GET /health HTTP/1.1\" 200 125 \"-\" \"-\"","service":"api-gateway","timestamp":"2025-09-30 02:45:39"}
{"level":"info","message":"::1 - - [30/Sep/2025:02:46:09 +0000] \"GET /health HTTP/1.1\" 200 125 \"-\" \"-\"","service":"api-gateway","timestamp":"2025-09-30 02:46:09"}
{"level":"info","message":"::1 - - [30/Sep/2025:02:46:39 +0000] \"GET /health HTTP/1.1\" 200 125 \"-\" \"-\"","service":"api-gateway","timestamp":"2025-09-30 02:46:39"}
{"level":"info","message":"::1 - - [30/Sep/2025:02:47:09 +0000] \"GET /health HTTP/1.1\" 200 125 \"-\" \"-\"","service":"api-gateway","timestamp":"2025-09-30 02:47:09"}
{"level":"info","message":"::1 - - [30/Sep/2025:02:47:39 +0000] \"GET /health HTTP/1.1\" 200 125 \"-\" \"-\"","service":"api-gateway","timestamp":"2025-09-30 02:47:39"}
{"level":"info","message":"::1 - - [30/Sep/2025:02:48:09 +0000] \"GET /health HTTP/1.1\" 200 125 \"-\" \"-\"","service":"api-gateway","timestamp":"2025-09-30 02:48:09"}
{"level":"info","message":"::1 - - [30/Sep/2025:02:48:39 +0000] \"GET /health HTTP/1.1\" 200 125 \"-\" \"-\"","service":"api-gateway","timestamp":"2025-09-30 02:48:39"}
{"level":"info","message":"::1 - - [30/Sep/2025:02:49:09 +0000] \"GET /health HTTP/1.1\" 200 125 \"-\" \"-\"","service":"api-gateway","timestamp":"2025-09-30 02:49:09"}
{"activeConnections":0,"averageResponseTime":0,"errorRate":0,"level":"info","message":"Current metrics:","service":"api-gateway","timestamp":"2025-09-30 02:49:32","totalRequests":50}
{"level":"info","message":"::1 - - [30/Sep/2025:02:49:39 +0000] \"GET /health HTTP/1.1\" 200 125 \"-\" \"-\"","service":"api-gateway","timestamp":"2025-09-30 02:49:39"}
{"level":"info","message":"::1 - - [30/Sep/2025:02:50:09 +0000] \"GET /health HTTP/1.1\" 200 125 \"-\" \"-\"","service":"api-gateway","timestamp":"2025-09-30 02:50:09"}
{"level":"info","message":"::1 - - [30/Sep/2025:02:50:40 +0000] \"GET /health HTTP/1.1\" 200 125 \"-\" \"-\"","service":"api-gateway","timestamp":"2025-09-30 02:50:40"}
{"level":"info","message":"::1 - - [30/Sep/2025:02:51:10 +0000] \"GET /health HTTP/1.1\" 200 125 \"-\" \"-\"","service":"api-gateway","timestamp":"2025-09-30 02:51:10"}
{"level":"info","message":"::1 - - [30/Sep/2025:02:51:40 +0000] \"GET /health HTTP/1.1\" 200 125 \"-\" \"-\"","service":"api-gateway","timestamp":"2025-09-30 02:51:40"}
{"level":"info","message":"::1 - - [30/Sep/2025:02:52:10 +0000] \"GET /health HTTP/1.1\" 200 125 \"-\" \"-\"","service":"api-gateway","timestamp":"2025-09-30 02:52:10"}
{"level":"info","message":"::1 - - [30/Sep/2025:02:52:40 +0000] \"GET /health HTTP/1.1\" 200 125 \"-\" \"-\"","service":"api-gateway","timestamp":"2025-09-30 02:52:40"}
{"level":"info","message":"::1 - - [30/Sep/2025:02:53:10 +0000] \"GET /health HTTP/1.1\" 200 125 \"-\" \"-\"","service":"api-gateway","timestamp":"2025-09-30 02:53:10"}
{"level":"info","message":"::1 - - [30/Sep/2025:02:53:40 +0000] \"GET /health HTTP/1.1\" 200 125 \"-\" \"-\"","service":"api-gateway","timestamp":"2025-09-30 02:53:40"}
{"level":"info","message":"::1 - - [30/Sep/2025:02:54:10 +0000] \"GET /health HTTP/1.1\" 200 125 \"-\" \"-\"","service":"api-gateway","timestamp":"2025-09-30 02:54:10"}
{"activeConnections":0,"averageResponseTime":0,"errorRate":0,"level":"info","message":"Current metrics:","service":"api-gateway","timestamp":"2025-09-30 02:54:32","totalRequests":60}
{"level":"info","message":"::1 - - [30/Sep/2025:02:54:40 +0000] \"GET /health HTTP/1.1\" 200 125 \"-\" \"-\"","service":"api-gateway","timestamp":"2025-09-30 02:54:40"}
{"level":"info","message":"::ffff:192.168.65.1 - - [30/Sep/2025:02:54:41 +0000] \"GET / HTTP/1.1\" 404 186 \"http://localhost:3000/\" \"Mozilla/5.0 (Macintosh; Intel Mac OS X 10_15_7) AppleWebKit/537.36 (KHTML, like Gecko) Chrome/140.0.0.0 Safari/537.36\"","service":"api-gateway","timestamp":"2025-09-30 02:54:41"}
{"level":"info","message":"::ffff:192.168.65.1 - - [30/Sep/2025:02:54:41 +0000] \"GET / HTTP/1.1\" 404 186 \"http://localhost:3000/\" \"Mozilla/5.0 (Macintosh; Intel Mac OS X 10_15_7) AppleWebKit/537.36 (KHTML, like Gecko) Chrome/140.0.0.0 Safari/537.36\"","service":"api-gateway","timestamp":"2025-09-30 02:54:41"}
{"level":"info","message":"::ffff:192.168.65.1 - - [30/Sep/2025:02:54:41 +0000] \"GET /favicon.ico HTTP/1.1\" 404 186 \"-\" \"Mozilla/5.0 (Macintosh; Intel Mac OS X 10_15_7) AppleWebKit/537.36 (KHTML, like Gecko) Chrome/140.0.0.0 Safari/537.36\"","service":"api-gateway","timestamp":"2025-09-30 02:54:41"}
{"level":"info","message":"::1 - - [30/Sep/2025:02:55:10 +0000] \"GET /health HTTP/1.1\" 200 125 \"-\" \"-\"","service":"api-gateway","timestamp":"2025-09-30 02:55:10"}
{"level":"info","message":"::1 - - [30/Sep/2025:02:55:40 +0000] \"GET /health HTTP/1.1\" 200 125 \"-\" \"-\"","service":"api-gateway","timestamp":"2025-09-30 02:55:40"}
{"level":"info","message":"::1 - - [30/Sep/2025:02:56:10 +0000] \"GET /health HTTP/1.1\" 200 125 \"-\" \"-\"","service":"api-gateway","timestamp":"2025-09-30 02:56:10"}
{"level":"info","message":"::1 - - [30/Sep/2025:02:56:41 +0000] \"GET /health HTTP/1.1\" 200 124 \"-\" \"-\"","service":"api-gateway","timestamp":"2025-09-30 02:56:41"}
{"level":"info","message":"::1 - - [30/Sep/2025:02:57:11 +0000] \"GET /health HTTP/1.1\" 200 125 \"-\" \"-\"","service":"api-gateway","timestamp":"2025-09-30 02:57:11"}
{"level":"info","message":"::1 - - [30/Sep/2025:02:57:41 +0000] \"GET /health HTTP/1.1\" 200 125 \"-\" \"-\"","service":"api-gateway","timestamp":"2025-09-30 02:57:41"}
{"level":"info","message":"::1 - - [30/Sep/2025:02:58:11 +0000] \"GET /health HTTP/1.1\" 200 125 \"-\" \"-\"","service":"api-gateway","timestamp":"2025-09-30 02:58:11"}
{"level":"info","message":"::1 - - [30/Sep/2025:02:58:41 +0000] \"GET /health HTTP/1.1\" 200 125 \"-\" \"-\"","service":"api-gateway","timestamp":"2025-09-30 02:58:41"}
{"level":"info","message":"::1 - - [30/Sep/2025:02:59:11 +0000] \"GET /health HTTP/1.1\" 200 125 \"-\" \"-\"","service":"api-gateway","timestamp":"2025-09-30 02:59:11"}
{"activeConnections":0,"averageResponseTime":0,"errorRate":4,"level":"info","message":"Current metrics:","service":"api-gateway","timestamp":"2025-09-30 02:59:32","totalRequests":73}
{"level":"info","message":"::1 - - [30/Sep/2025:02:59:41 +0000] \"GET /health HTTP/1.1\" 200 125 \"-\" \"-\"","service":"api-gateway","timestamp":"2025-09-30 02:59:41"}
{"level":"info","message":"::1 - - [30/Sep/2025:03:00:11 +0000] \"GET /health HTTP/1.1\" 200 125 \"-\" \"-\"","service":"api-gateway","timestamp":"2025-09-30 03:00:11"}
{"level":"info","message":"::1 - - [30/Sep/2025:03:00:41 +0000] \"GET /health HTTP/1.1\" 200 125 \"-\" \"-\"","service":"api-gateway","timestamp":"2025-09-30 03:00:41"}
{"level":"info","message":"::1 - - [30/Sep/2025:03:01:11 +0000] \"GET /health HTTP/1.1\" 200 125 \"-\" \"-\"","service":"api-gateway","timestamp":"2025-09-30 03:01:11"}
{"level":"info","message":"::1 - - [30/Sep/2025:03:01:41 +0000] \"GET /health HTTP/1.1\" 200 125 \"-\" \"-\"","service":"api-gateway","timestamp":"2025-09-30 03:01:41"}
{"level":"info","message":"::1 - - [30/Sep/2025:03:02:11 +0000] \"GET /health HTTP/1.1\" 200 125 \"-\" \"-\"","service":"api-gateway","timestamp":"2025-09-30 03:02:11"}
{"level":"info","message":"SIGTERM received, shutting down gracefully","service":"api-gateway","timestamp":"2025-09-30 03:02:31"}
{"level":"info","message":"Connected to Redis","service":"api-gateway","timestamp":"2025-09-30 03:02:50"}
{"level":"info","message":"API Gateway running on port 3000","service":"api-gateway","timestamp":"2025-09-30 03:02:50"}
{"level":"info","message":"Available endpoints:","service":"api-gateway","timestamp":"2025-09-30 03:02:50"}
{"level":"info","message":"  - Health: http://localhost:3000/health","service":"api-gateway","timestamp":"2025-09-30 03:02:50"}
{"level":"info","message":"  - API Docs: http://localhost:3000/api/docs","service":"api-gateway","timestamp":"2025-09-30 03:02:50"}
{"level":"info","message":"  - Documents: http://localhost:3000/api/documents","service":"api-gateway","timestamp":"2025-09-30 03:02:50"}
{"level":"info","message":"  - Chat: http://localhost:3000/api/chat","service":"api-gateway","timestamp":"2025-09-30 03:02:50"}
{"level":"info","message":"  - Files: http://localhost:3000/api/files","service":"api-gateway","timestamp":"2025-09-30 03:02:50"}
{"level":"info","message":"  - AI: http://localhost:3000/api/ai","service":"api-gateway","timestamp":"2025-09-30 03:02:50"}
{"level":"info","message":"  - Vectors: http://localhost:3000/api/vectors","service":"api-gateway","timestamp":"2025-09-30 03:02:50"}
{"level":"info","message":"::1 - - [30/Sep/2025:03:02:54 +0000] \"GET /health HTTP/1.1\" 200 122 \"-\" \"-\"","service":"api-gateway","timestamp":"2025-09-30 03:02:54"}
{"level":"info","message":"::1 - - [30/Sep/2025:03:03:25 +0000] \"GET /health HTTP/1.1\" 200 123 \"-\" \"-\"","service":"api-gateway","timestamp":"2025-09-30 03:03:25"}
{"level":"info","message":"::1 - - [30/Sep/2025:03:03:55 +0000] \"GET /health HTTP/1.1\" 200 123 \"-\" \"-\"","service":"api-gateway","timestamp":"2025-09-30 03:03:55"}
{"level":"info","message":"::1 - - [30/Sep/2025:03:04:25 +0000] \"GET /health HTTP/1.1\" 200 123 \"-\" \"-\"","service":"api-gateway","timestamp":"2025-09-30 03:04:25"}
{"level":"info","message":"::1 - - [30/Sep/2025:03:04:55 +0000] \"GET /health HTTP/1.1\" 200 123 \"-\" \"-\"","service":"api-gateway","timestamp":"2025-09-30 03:04:55"}
{"level":"info","message":"::1 - - [30/Sep/2025:03:05:25 +0000] \"GET /health HTTP/1.1\" 200 124 \"-\" \"-\"","service":"api-gateway","timestamp":"2025-09-30 03:05:25"}
{"level":"info","message":"::1 - - [30/Sep/2025:03:05:55 +0000] \"GET /health HTTP/1.1\" 200 124 \"-\" \"-\"","service":"api-gateway","timestamp":"2025-09-30 03:05:55"}
{"level":"info","message":"::1 - - [30/Sep/2025:03:06:25 +0000] \"GET /health HTTP/1.1\" 200 124 \"-\" \"-\"","service":"api-gateway","timestamp":"2025-09-30 03:06:25"}
{"level":"info","message":"::1 - - [30/Sep/2025:03:06:55 +0000] \"GET /health HTTP/1.1\" 200 123 \"-\" \"-\"","service":"api-gateway","timestamp":"2025-09-30 03:06:55"}
{"level":"info","message":"::1 - - [30/Sep/2025:03:07:25 +0000] \"GET /health HTTP/1.1\" 200 124 \"-\" \"-\"","service":"api-gateway","timestamp":"2025-09-30 03:07:25"}
{"activeConnections":0,"averageResponseTime":0,"errorRate":0,"level":"info","message":"Current metrics:","service":"api-gateway","timestamp":"2025-09-30 03:07:50","totalRequests":10}
{"level":"info","message":"::1 - - [30/Sep/2025:03:07:55 +0000] \"GET /health HTTP/1.1\" 200 124 \"-\" \"-\"","service":"api-gateway","timestamp":"2025-09-30 03:07:55"}
{"level":"info","message":"::1 - - [30/Sep/2025:03:08:25 +0000] \"GET /health HTTP/1.1\" 200 124 \"-\" \"-\"","service":"api-gateway","timestamp":"2025-09-30 03:08:25"}
{"level":"info","message":"::1 - - [30/Sep/2025:03:08:55 +0000] \"GET /health HTTP/1.1\" 200 124 \"-\" \"-\"","service":"api-gateway","timestamp":"2025-09-30 03:08:55"}
{"level":"info","message":"::1 - - [30/Sep/2025:03:09:25 +0000] \"GET /health HTTP/1.1\" 200 124 \"-\" \"-\"","service":"api-gateway","timestamp":"2025-09-30 03:09:25"}
{"level":"info","message":"::1 - - [30/Sep/2025:03:09:55 +0000] \"GET /health HTTP/1.1\" 200 124 \"-\" \"-\"","service":"api-gateway","timestamp":"2025-09-30 03:09:55"}
{"level":"info","message":"::1 - - [30/Sep/2025:03:10:26 +0000] \"GET /health HTTP/1.1\" 200 124 \"-\" \"-\"","service":"api-gateway","timestamp":"2025-09-30 03:10:26"}
{"level":"info","message":"::1 - - [30/Sep/2025:03:10:56 +0000] \"GET /health HTTP/1.1\" 200 124 \"-\" \"-\"","service":"api-gateway","timestamp":"2025-09-30 03:10:56"}
{"level":"info","message":"::1 - - [30/Sep/2025:03:11:26 +0000] \"GET /health HTTP/1.1\" 200 124 \"-\" \"-\"","service":"api-gateway","timestamp":"2025-09-30 03:11:26"}
{"level":"info","message":"::1 - - [30/Sep/2025:03:11:56 +0000] \"GET /health HTTP/1.1\" 200 123 \"-\" \"-\"","service":"api-gateway","timestamp":"2025-09-30 03:11:56"}
{"level":"info","message":"::1 - - [30/Sep/2025:03:12:26 +0000] \"GET /health HTTP/1.1\" 200 124 \"-\" \"-\"","service":"api-gateway","timestamp":"2025-09-30 03:12:26"}
{"activeConnections":0,"averageResponseTime":0,"errorRate":0,"level":"info","message":"Current metrics:","service":"api-gateway","timestamp":"2025-09-30 03:12:50","totalRequests":20}
{"level":"info","message":"::1 - - [30/Sep/2025:03:12:56 +0000] \"GET /health HTTP/1.1\" 200 124 \"-\" \"-\"","service":"api-gateway","timestamp":"2025-09-30 03:12:56"}
{"level":"info","message":"::1 - - [30/Sep/2025:03:13:26 +0000] \"GET /health HTTP/1.1\" 200 124 \"-\" \"-\"","service":"api-gateway","timestamp":"2025-09-30 03:13:26"}
{"level":"info","message":"::1 - - [30/Sep/2025:03:13:56 +0000] \"GET /health HTTP/1.1\" 200 123 \"-\" \"-\"","service":"api-gateway","timestamp":"2025-09-30 03:13:56"}
{"level":"info","message":"::1 - - [30/Sep/2025:03:14:26 +0000] \"GET /health HTTP/1.1\" 200 123 \"-\" \"-\"","service":"api-gateway","timestamp":"2025-09-30 03:14:26"}
{"level":"info","message":"::1 - - [30/Sep/2025:03:14:56 +0000] \"GET /health HTTP/1.1\" 200 124 \"-\" \"-\"","service":"api-gateway","timestamp":"2025-09-30 03:14:56"}
{"level":"info","message":"::1 - - [30/Sep/2025:03:15:26 +0000] \"GET /health HTTP/1.1\" 200 123 \"-\" \"-\"","service":"api-gateway","timestamp":"2025-09-30 03:15:26"}
{"level":"info","message":"::1 - - [30/Sep/2025:03:15:57 +0000] \"GET /health HTTP/1.1\" 200 124 \"-\" \"-\"","service":"api-gateway","timestamp":"2025-09-30 03:15:57"}
{"level":"info","message":"::1 - - [30/Sep/2025:03:16:27 +0000] \"GET /health HTTP/1.1\" 200 124 \"-\" \"-\"","service":"api-gateway","timestamp":"2025-09-30 03:16:27"}
{"level":"info","message":"::1 - - [30/Sep/2025:03:16:57 +0000] \"GET /health HTTP/1.1\" 200 124 \"-\" \"-\"","service":"api-gateway","timestamp":"2025-09-30 03:16:57"}
{"level":"info","message":"::1 - - [30/Sep/2025:03:17:27 +0000] \"GET /health HTTP/1.1\" 200 124 \"-\" \"-\"","service":"api-gateway","timestamp":"2025-09-30 03:17:27"}
{"activeConnections":0,"averageResponseTime":0,"errorRate":0,"level":"info","message":"Current metrics:","service":"api-gateway","timestamp":"2025-09-30 03:17:50","totalRequests":30}
{"level":"info","message":"::1 - - [30/Sep/2025:03:17:57 +0000] \"GET /health HTTP/1.1\" 200 123 \"-\" \"-\"","service":"api-gateway","timestamp":"2025-09-30 03:17:57"}
{"level":"info","message":"::1 - - [30/Sep/2025:03:18:27 +0000] \"GET /health HTTP/1.1\" 200 124 \"-\" \"-\"","service":"api-gateway","timestamp":"2025-09-30 03:18:27"}
{"level":"info","message":"::1 - - [30/Sep/2025:03:18:57 +0000] \"GET /health HTTP/1.1\" 200 124 \"-\" \"-\"","service":"api-gateway","timestamp":"2025-09-30 03:18:57"}
{"level":"info","message":"::1 - - [30/Sep/2025:03:19:27 +0000] \"GET /health HTTP/1.1\" 200 124 \"-\" \"-\"","service":"api-gateway","timestamp":"2025-09-30 03:19:27"}
{"level":"info","message":"::1 - - [30/Sep/2025:03:19:57 +0000] \"GET /health HTTP/1.1\" 200 125 \"-\" \"-\"","service":"api-gateway","timestamp":"2025-09-30 03:19:57"}
{"level":"info","message":"::1 - - [30/Sep/2025:03:20:27 +0000] \"GET /health HTTP/1.1\" 200 125 \"-\" \"-\"","service":"api-gateway","timestamp":"2025-09-30 03:20:27"}
{"level":"info","message":"::1 - - [30/Sep/2025:03:20:57 +0000] \"GET /health HTTP/1.1\" 200 125 \"-\" \"-\"","service":"api-gateway","timestamp":"2025-09-30 03:20:57"}
{"level":"info","message":"::1 - - [30/Sep/2025:03:21:27 +0000] \"GET /health HTTP/1.1\" 200 125 \"-\" \"-\"","service":"api-gateway","timestamp":"2025-09-30 03:21:27"}
{"level":"info","message":"::1 - - [30/Sep/2025:03:21:57 +0000] \"GET /health HTTP/1.1\" 200 123 \"-\" \"-\"","service":"api-gateway","timestamp":"2025-09-30 03:21:57"}
{"level":"info","message":"::1 - - [30/Sep/2025:03:22:28 +0000] \"GET /health HTTP/1.1\" 200 125 \"-\" \"-\"","service":"api-gateway","timestamp":"2025-09-30 03:22:28"}
{"activeConnections":0,"averageResponseTime":0,"errorRate":0,"level":"info","message":"Current metrics:","service":"api-gateway","timestamp":"2025-09-30 03:22:50","totalRequests":40}
{"level":"info","message":"::1 - - [30/Sep/2025:03:22:58 +0000] \"GET /health HTTP/1.1\" 200 125 \"-\" \"-\"","service":"api-gateway","timestamp":"2025-09-30 03:22:58"}
{"level":"info","message":"::1 - - [30/Sep/2025:03:23:28 +0000] \"GET /health HTTP/1.1\" 200 125 \"-\" \"-\"","service":"api-gateway","timestamp":"2025-09-30 03:23:28"}
{"level":"info","message":"::1 - - [30/Sep/2025:03:23:58 +0000] \"GET /health HTTP/1.1\" 200 125 \"-\" \"-\"","service":"api-gateway","timestamp":"2025-09-30 03:23:58"}
{"level":"info","message":"::1 - - [30/Sep/2025:03:24:28 +0000] \"GET /health HTTP/1.1\" 200 125 \"-\" \"-\"","service":"api-gateway","timestamp":"2025-09-30 03:24:28"}
{"level":"info","message":"::1 - - [30/Sep/2025:03:24:58 +0000] \"GET /health HTTP/1.1\" 200 125 \"-\" \"-\"","service":"api-gateway","timestamp":"2025-09-30 03:24:58"}
{"level":"info","message":"::1 - - [30/Sep/2025:03:25:28 +0000] \"GET /health HTTP/1.1\" 200 125 \"-\" \"-\"","service":"api-gateway","timestamp":"2025-09-30 03:25:28"}
{"level":"info","message":"::1 - - [30/Sep/2025:03:25:58 +0000] \"GET /health HTTP/1.1\" 200 125 \"-\" \"-\"","service":"api-gateway","timestamp":"2025-09-30 03:25:58"}
{"level":"info","message":"::1 - - [30/Sep/2025:03:26:28 +0000] \"GET /health HTTP/1.1\" 200 125 \"-\" \"-\"","service":"api-gateway","timestamp":"2025-09-30 03:26:28"}
{"level":"info","message":"::1 - - [30/Sep/2025:03:26:58 +0000] \"GET /health HTTP/1.1\" 200 125 \"-\" \"-\"","service":"api-gateway","timestamp":"2025-09-30 03:26:58"}
{"level":"info","message":"::1 - - [30/Sep/2025:03:27:28 +0000] \"GET /health HTTP/1.1\" 200 125 \"-\" \"-\"","service":"api-gateway","timestamp":"2025-09-30 03:27:28"}
{"activeConnections":0,"averageResponseTime":0,"errorRate":0,"level":"info","message":"Current metrics:","service":"api-gateway","timestamp":"2025-09-30 03:27:50","totalRequests":50}
{"level":"info","message":"::1 - - [30/Sep/2025:03:27:58 +0000] \"GET /health HTTP/1.1\" 200 125 \"-\" \"-\"","service":"api-gateway","timestamp":"2025-09-30 03:27:58"}
{"level":"info","message":"::1 - - [30/Sep/2025:03:28:28 +0000] \"GET /health HTTP/1.1\" 200 125 \"-\" \"-\"","service":"api-gateway","timestamp":"2025-09-30 03:28:28"}
{"level":"info","message":"::1 - - [30/Sep/2025:03:28:58 +0000] \"GET /health HTTP/1.1\" 200 125 \"-\" \"-\"","service":"api-gateway","timestamp":"2025-09-30 03:28:58"}
{"level":"info","message":"::1 - - [30/Sep/2025:03:29:29 +0000] \"GET /health HTTP/1.1\" 200 125 \"-\" \"-\"","service":"api-gateway","timestamp":"2025-09-30 03:29:29"}
{"level":"info","message":"::1 - - [30/Sep/2025:03:29:59 +0000] \"GET /health HTTP/1.1\" 200 125 \"-\" \"-\"","service":"api-gateway","timestamp":"2025-09-30 03:29:59"}
{"level":"info","message":"::1 - - [30/Sep/2025:03:30:29 +0000] \"GET /health HTTP/1.1\" 200 125 \"-\" \"-\"","service":"api-gateway","timestamp":"2025-09-30 03:30:29"}
{"level":"info","message":"::1 - - [30/Sep/2025:03:30:59 +0000] \"GET /health HTTP/1.1\" 200 124 \"-\" \"-\"","service":"api-gateway","timestamp":"2025-09-30 03:30:59"}
{"level":"info","message":"::1 - - [30/Sep/2025:03:31:29 +0000] \"GET /health HTTP/1.1\" 200 124 \"-\" \"-\"","service":"api-gateway","timestamp":"2025-09-30 03:31:29"}
{"level":"info","message":"::1 - - [30/Sep/2025:03:31:59 +0000] \"GET /health HTTP/1.1\" 200 125 \"-\" \"-\"","service":"api-gateway","timestamp":"2025-09-30 03:31:59"}
{"level":"info","message":"::1 - - [30/Sep/2025:03:32:29 +0000] \"GET /health HTTP/1.1\" 200 125 \"-\" \"-\"","service":"api-gateway","timestamp":"2025-09-30 03:32:29"}
{"activeConnections":0,"averageResponseTime":0,"errorRate":0,"level":"info","message":"Current metrics:","service":"api-gateway","timestamp":"2025-09-30 03:32:50","totalRequests":60}
{"level":"info","message":"::1 - - [30/Sep/2025:03:32:59 +0000] \"GET /health HTTP/1.1\" 200 125 \"-\" \"-\"","service":"api-gateway","timestamp":"2025-09-30 03:32:59"}
{"level":"info","message":"::1 - - [30/Sep/2025:03:33:29 +0000] \"GET /health HTTP/1.1\" 200 125 \"-\" \"-\"","service":"api-gateway","timestamp":"2025-09-30 03:33:29"}
{"level":"info","message":"::1 - - [30/Sep/2025:03:33:59 +0000] \"GET /health HTTP/1.1\" 200 125 \"-\" \"-\"","service":"api-gateway","timestamp":"2025-09-30 03:33:59"}
{"level":"info","message":"::1 - - [30/Sep/2025:03:34:29 +0000] \"GET /health HTTP/1.1\" 200 125 \"-\" \"-\"","service":"api-gateway","timestamp":"2025-09-30 03:34:29"}
{"level":"info","message":"::1 - - [30/Sep/2025:03:34:59 +0000] \"GET /health HTTP/1.1\" 200 125 \"-\" \"-\"","service":"api-gateway","timestamp":"2025-09-30 03:34:59"}
{"level":"info","message":"::1 - - [30/Sep/2025:03:35:29 +0000] \"GET /health HTTP/1.1\" 200 125 \"-\" \"-\"","service":"api-gateway","timestamp":"2025-09-30 03:35:29"}
{"level":"info","message":"::1 - - [30/Sep/2025:03:35:59 +0000] \"GET /health HTTP/1.1\" 200 125 \"-\" \"-\"","service":"api-gateway","timestamp":"2025-09-30 03:35:59"}
{"level":"info","message":"::1 - - [30/Sep/2025:03:36:30 +0000] \"GET /health HTTP/1.1\" 200 125 \"-\" \"-\"","service":"api-gateway","timestamp":"2025-09-30 03:36:30"}
{"level":"info","message":"::1 - - [30/Sep/2025:03:37:00 +0000] \"GET /health HTTP/1.1\" 200 125 \"-\" \"-\"","service":"api-gateway","timestamp":"2025-09-30 03:37:00"}
{"level":"info","message":"::1 - - [30/Sep/2025:03:37:30 +0000] \"GET /health HTTP/1.1\" 200 125 \"-\" \"-\"","service":"api-gateway","timestamp":"2025-09-30 03:37:30"}
{"activeConnections":0,"averageResponseTime":0,"errorRate":0,"level":"info","message":"Current metrics:","service":"api-gateway","timestamp":"2025-09-30 03:37:50","totalRequests":70}
{"level":"info","message":"::1 - - [30/Sep/2025:03:38:00 +0000] \"GET /health HTTP/1.1\" 200 125 \"-\" \"-\"","service":"api-gateway","timestamp":"2025-09-30 03:38:00"}
{"level":"info","message":"::1 - - [30/Sep/2025:03:38:30 +0000] \"GET /health HTTP/1.1\" 200 125 \"-\" \"-\"","service":"api-gateway","timestamp":"2025-09-30 03:38:30"}
{"level":"info","message":"::1 - - [30/Sep/2025:03:39:00 +0000] \"GET /health HTTP/1.1\" 200 125 \"-\" \"-\"","service":"api-gateway","timestamp":"2025-09-30 03:39:00"}
{"level":"info","message":"::1 - - [30/Sep/2025:03:39:30 +0000] \"GET /health HTTP/1.1\" 200 125 \"-\" \"-\"","service":"api-gateway","timestamp":"2025-09-30 03:39:30"}
{"level":"info","message":"::1 - - [30/Sep/2025:03:40:00 +0000] \"GET /health HTTP/1.1\" 200 125 \"-\" \"-\"","service":"api-gateway","timestamp":"2025-09-30 03:40:00"}
{"level":"info","message":"::1 - - [30/Sep/2025:03:40:30 +0000] \"GET /health HTTP/1.1\" 200 125 \"-\" \"-\"","service":"api-gateway","timestamp":"2025-09-30 03:40:30"}
{"level":"info","message":"::1 - - [30/Sep/2025:03:41:00 +0000] \"GET /health HTTP/1.1\" 200 125 \"-\" \"-\"","service":"api-gateway","timestamp":"2025-09-30 03:41:00"}
{"level":"info","message":"::1 - - [30/Sep/2025:03:41:30 +0000] \"GET /health HTTP/1.1\" 200 125 \"-\" \"-\"","service":"api-gateway","timestamp":"2025-09-30 03:41:30"}
{"level":"info","message":"::1 - - [30/Sep/2025:03:42:01 +0000] \"GET /health HTTP/1.1\" 200 125 \"-\" \"-\"","service":"api-gateway","timestamp":"2025-09-30 03:42:01"}
{"level":"info","message":"::1 - - [30/Sep/2025:03:42:31 +0000] \"GET /health HTTP/1.1\" 200 125 \"-\" \"-\"","service":"api-gateway","timestamp":"2025-09-30 03:42:31"}
{"activeConnections":0,"averageResponseTime":0,"errorRate":0,"level":"info","message":"Current metrics:","service":"api-gateway","timestamp":"2025-09-30 03:42:50","totalRequests":80}
{"level":"info","message":"::1 - - [30/Sep/2025:03:43:01 +0000] \"GET /health HTTP/1.1\" 200 125 \"-\" \"-\"","service":"api-gateway","timestamp":"2025-09-30 03:43:01"}
{"level":"info","message":"::1 - - [30/Sep/2025:03:43:31 +0000] \"GET /health HTTP/1.1\" 200 124 \"-\" \"-\"","service":"api-gateway","timestamp":"2025-09-30 03:43:31"}
{"level":"info","message":"::1 - - [30/Sep/2025:03:44:01 +0000] \"GET /health HTTP/1.1\" 200 125 \"-\" \"-\"","service":"api-gateway","timestamp":"2025-09-30 03:44:01"}
{"level":"info","message":"::1 - - [30/Sep/2025:03:44:31 +0000] \"GET /health HTTP/1.1\" 200 125 \"-\" \"-\"","service":"api-gateway","timestamp":"2025-09-30 03:44:31"}
{"level":"info","message":"::ffff:192.168.65.1 - - [30/Sep/2025:03:44:54 +0000] \"GET / HTTP/1.1\" 404 186 \"http://localhost:3000/\" \"Mozilla/5.0 (Macintosh; Intel Mac OS X 10_15_7) AppleWebKit/537.36 (KHTML, like Gecko) Chrome/140.0.0.0 Safari/537.36\"","service":"api-gateway","timestamp":"2025-09-30 03:44:54"}
{"level":"info","message":"::ffff:192.168.65.1 - - [30/Sep/2025:03:44:54 +0000] \"GET / HTTP/1.1\" 404 186 \"http://localhost:3000/\" \"Mozilla/5.0 (Macintosh; Intel Mac OS X 10_15_7) AppleWebKit/537.36 (KHTML, like Gecko) Chrome/140.0.0.0 Safari/537.36\"","service":"api-gateway","timestamp":"2025-09-30 03:44:54"}
{"level":"info","message":"::ffff:192.168.65.1 - - [30/Sep/2025:03:44:54 +0000] \"GET /.well-known/appspecific/com.chrome.devtools.json HTTP/1.1\" 404 186 \"-\" \"Mozilla/5.0 (Macintosh; Intel Mac OS X 10_15_7) AppleWebKit/537.36 (KHTML, like Gecko) Chrome/140.0.0.0 Safari/537.36\"","service":"api-gateway","timestamp":"2025-09-30 03:44:54"}
{"level":"info","message":"::1 - - [30/Sep/2025:03:45:01 +0000] \"GET /health HTTP/1.1\" 200 125 \"-\" \"-\"","service":"api-gateway","timestamp":"2025-09-30 03:45:01"}
{"level":"info","message":"::1 - - [30/Sep/2025:03:45:31 +0000] \"GET /health HTTP/1.1\" 200 125 \"-\" \"-\"","service":"api-gateway","timestamp":"2025-09-30 03:45:31"}
{"level":"info","message":"::1 - - [30/Sep/2025:03:46:01 +0000] \"GET /health HTTP/1.1\" 200 125 \"-\" \"-\"","service":"api-gateway","timestamp":"2025-09-30 03:46:01"}
{"level":"info","message":"::1 - - [30/Sep/2025:03:46:31 +0000] \"GET /health HTTP/1.1\" 200 125 \"-\" \"-\"","service":"api-gateway","timestamp":"2025-09-30 03:46:31"}
{"level":"info","message":"::1 - - [30/Sep/2025:03:47:01 +0000] \"GET /health HTTP/1.1\" 200 125 \"-\" \"-\"","service":"api-gateway","timestamp":"2025-09-30 03:47:01"}
{"level":"info","message":"::1 - - [30/Sep/2025:03:47:31 +0000] \"GET /health HTTP/1.1\" 200 124 \"-\" \"-\"","service":"api-gateway","timestamp":"2025-09-30 03:47:31"}
{"activeConnections":0,"averageResponseTime":1,"errorRate":3,"level":"info","message":"Current metrics:","service":"api-gateway","timestamp":"2025-09-30 03:47:50","totalRequests":93}
{"level":"info","message":"::1 - - [30/Sep/2025:03:48:01 +0000] \"GET /health HTTP/1.1\" 200 125 \"-\" \"-\"","service":"api-gateway","timestamp":"2025-09-30 03:48:01"}
{"level":"info","message":"::1 - - [30/Sep/2025:03:48:32 +0000] \"GET /health HTTP/1.1\" 200 125 \"-\" \"-\"","service":"api-gateway","timestamp":"2025-09-30 03:48:32"}
{"level":"info","message":"::1 - - [30/Sep/2025:03:49:02 +0000] \"GET /health HTTP/1.1\" 200 125 \"-\" \"-\"","service":"api-gateway","timestamp":"2025-09-30 03:49:02"}
{"level":"info","message":"::1 - - [30/Sep/2025:03:49:32 +0000] \"GET /health HTTP/1.1\" 200 125 \"-\" \"-\"","service":"api-gateway","timestamp":"2025-09-30 03:49:32"}
{"level":"info","message":"::1 - - [30/Sep/2025:03:50:02 +0000] \"GET /health HTTP/1.1\" 200 125 \"-\" \"-\"","service":"api-gateway","timestamp":"2025-09-30 03:50:02"}
{"level":"info","message":"::1 - - [30/Sep/2025:03:50:32 +0000] \"GET /health HTTP/1.1\" 200 125 \"-\" \"-\"","service":"api-gateway","timestamp":"2025-09-30 03:50:32"}
{"level":"info","message":"::1 - - [30/Sep/2025:03:51:02 +0000] \"GET /health HTTP/1.1\" 200 125 \"-\" \"-\"","service":"api-gateway","timestamp":"2025-09-30 03:51:02"}
{"level":"info","message":"::1 - - [30/Sep/2025:03:51:32 +0000] \"GET /health HTTP/1.1\" 200 125 \"-\" \"-\"","service":"api-gateway","timestamp":"2025-09-30 03:51:32"}
{"level":"info","message":"::1 - - [30/Sep/2025:03:52:02 +0000] \"GET /health HTTP/1.1\" 200 125 \"-\" \"-\"","service":"api-gateway","timestamp":"2025-09-30 03:52:02"}
{"level":"info","message":"::1 - - [30/Sep/2025:03:52:33 +0000] \"GET /health HTTP/1.1\" 200 124 \"-\" \"-\"","service":"api-gateway","timestamp":"2025-09-30 03:52:33"}
{"activeConnections":0,"averageResponseTime":1,"errorRate":3,"level":"info","message":"Current metrics:","service":"api-gateway","timestamp":"2025-09-30 03:52:50","totalRequests":103}
{"level":"info","message":"::1 - - [30/Sep/2025:03:53:03 +0000] \"GET /health HTTP/1.1\" 200 125 \"-\" \"-\"","service":"api-gateway","timestamp":"2025-09-30 03:53:03"}
{"level":"info","message":"::1 - - [30/Sep/2025:03:53:33 +0000] \"GET /health HTTP/1.1\" 200 125 \"-\" \"-\"","service":"api-gateway","timestamp":"2025-09-30 03:53:33"}
{"level":"info","message":"::1 - - [30/Sep/2025:03:54:03 +0000] \"GET /health HTTP/1.1\" 200 125 \"-\" \"-\"","service":"api-gateway","timestamp":"2025-09-30 03:54:03"}
{"level":"info","message":"::1 - - [30/Sep/2025:03:54:33 +0000] \"GET /health HTTP/1.1\" 200 125 \"-\" \"-\"","service":"api-gateway","timestamp":"2025-09-30 03:54:33"}
{"level":"info","message":"::1 - - [30/Sep/2025:03:55:03 +0000] \"GET /health HTTP/1.1\" 200 125 \"-\" \"-\"","service":"api-gateway","timestamp":"2025-09-30 03:55:03"}
{"level":"info","message":"::1 - - [30/Sep/2025:03:55:33 +0000] \"GET /health HTTP/1.1\" 200 125 \"-\" \"-\"","service":"api-gateway","timestamp":"2025-09-30 03:55:33"}
{"level":"info","message":"::1 - - [30/Sep/2025:03:56:03 +0000] \"GET /health HTTP/1.1\" 200 125 \"-\" \"-\"","service":"api-gateway","timestamp":"2025-09-30 03:56:03"}
{"level":"info","message":"::1 - - [30/Sep/2025:03:56:33 +0000] \"GET /health HTTP/1.1\" 200 125 \"-\" \"-\"","service":"api-gateway","timestamp":"2025-09-30 03:56:33"}
{"level":"info","message":"::1 - - [30/Sep/2025:03:57:03 +0000] \"GET /health HTTP/1.1\" 200 125 \"-\" \"-\"","service":"api-gateway","timestamp":"2025-09-30 03:57:03"}
{"level":"info","message":"::1 - - [30/Sep/2025:03:57:33 +0000] \"GET /health HTTP/1.1\" 200 125 \"-\" \"-\"","service":"api-gateway","timestamp":"2025-09-30 03:57:33"}
{"activeConnections":0,"averageResponseTime":1,"errorRate":3,"level":"info","message":"Current metrics:","service":"api-gateway","timestamp":"2025-09-30 03:57:50","totalRequests":113}
{"level":"info","message":"::1 - - [30/Sep/2025:03:58:03 +0000] \"GET /health HTTP/1.1\" 200 125 \"-\" \"-\"","service":"api-gateway","timestamp":"2025-09-30 03:58:03"}
{"level":"info","message":"::1 - - [30/Sep/2025:03:58:33 +0000] \"GET /health HTTP/1.1\" 200 125 \"-\" \"-\"","service":"api-gateway","timestamp":"2025-09-30 03:58:33"}
{"level":"info","message":"::1 - - [30/Sep/2025:03:59:04 +0000] \"GET /health HTTP/1.1\" 200 125 \"-\" \"-\"","service":"api-gateway","timestamp":"2025-09-30 03:59:04"}
{"level":"info","message":"::1 - - [30/Sep/2025:03:59:34 +0000] \"GET /health HTTP/1.1\" 200 125 \"-\" \"-\"","service":"api-gateway","timestamp":"2025-09-30 03:59:34"}
{"level":"info","message":"::1 - - [30/Sep/2025:04:00:04 +0000] \"GET /health HTTP/1.1\" 200 125 \"-\" \"-\"","service":"api-gateway","timestamp":"2025-09-30 04:00:04"}
{"level":"info","message":"::1 - - [30/Sep/2025:04:00:34 +0000] \"GET /health HTTP/1.1\" 200 125 \"-\" \"-\"","service":"api-gateway","timestamp":"2025-09-30 04:00:34"}
{"level":"info","message":"::1 - - [30/Sep/2025:04:01:04 +0000] \"GET /health HTTP/1.1\" 200 125 \"-\" \"-\"","service":"api-gateway","timestamp":"2025-09-30 04:01:04"}
{"level":"info","message":"::1 - - [30/Sep/2025:04:01:34 +0000] \"GET /health HTTP/1.1\" 200 125 \"-\" \"-\"","service":"api-gateway","timestamp":"2025-09-30 04:01:34"}
{"level":"info","message":"::1 - - [30/Sep/2025:04:02:04 +0000] \"GET /health HTTP/1.1\" 200 125 \"-\" \"-\"","service":"api-gateway","timestamp":"2025-09-30 04:02:04"}
{"level":"info","message":"::1 - - [30/Sep/2025:04:02:34 +0000] \"GET /health HTTP/1.1\" 200 125 \"-\" \"-\"","service":"api-gateway","timestamp":"2025-09-30 04:02:34"}
{"activeConnections":0,"averageResponseTime":1,"errorRate":2,"level":"info","message":"Current metrics:","service":"api-gateway","timestamp":"2025-09-30 04:02:50","totalRequests":123}
{"level":"info","message":"::1 - - [30/Sep/2025:04:03:04 +0000] \"GET /health HTTP/1.1\" 200 124 \"-\" \"-\"","service":"api-gateway","timestamp":"2025-09-30 04:03:04"}
{"level":"info","message":"::1 - - [30/Sep/2025:04:03:34 +0000] \"GET /health HTTP/1.1\" 200 125 \"-\" \"-\"","service":"api-gateway","timestamp":"2025-09-30 04:03:34"}
{"level":"info","message":"::1 - - [30/Sep/2025:04:04:04 +0000] \"GET /health HTTP/1.1\" 200 125 \"-\" \"-\"","service":"api-gateway","timestamp":"2025-09-30 04:04:04"}
{"level":"info","message":"::1 - - [30/Sep/2025:04:04:34 +0000] \"GET /health HTTP/1.1\" 200 125 \"-\" \"-\"","service":"api-gateway","timestamp":"2025-09-30 04:04:34"}
{"level":"info","message":"::1 - - [30/Sep/2025:04:05:04 +0000] \"GET /health HTTP/1.1\" 200 125 \"-\" \"-\"","service":"api-gateway","timestamp":"2025-09-30 04:05:04"}
{"level":"info","message":"::1 - - [30/Sep/2025:04:05:34 +0000] \"GET /health HTTP/1.1\" 200 125 \"-\" \"-\"","service":"api-gateway","timestamp":"2025-09-30 04:05:34"}
{"level":"info","message":"::1 - - [30/Sep/2025:04:06:05 +0000] \"GET /health HTTP/1.1\" 200 125 \"-\" \"-\"","service":"api-gateway","timestamp":"2025-09-30 04:06:05"}
{"level":"info","message":"::1 - - [30/Sep/2025:04:06:35 +0000] \"GET /health HTTP/1.1\" 200 125 \"-\" \"-\"","service":"api-gateway","timestamp":"2025-09-30 04:06:35"}
{"level":"info","message":"::1 - - [30/Sep/2025:04:07:05 +0000] \"GET /health HTTP/1.1\" 200 125 \"-\" \"-\"","service":"api-gateway","timestamp":"2025-09-30 04:07:05"}
{"level":"info","message":"::1 - - [30/Sep/2025:04:07:35 +0000] \"GET /health HTTP/1.1\" 200 125 \"-\" \"-\"","service":"api-gateway","timestamp":"2025-09-30 04:07:35"}
{"activeConnections":0,"averageResponseTime":1,"errorRate":2,"level":"info","message":"Current metrics:","service":"api-gateway","timestamp":"2025-09-30 04:07:50","totalRequests":133}
{"level":"info","message":"::1 - - [30/Sep/2025:04:08:05 +0000] \"GET /health HTTP/1.1\" 200 125 \"-\" \"-\"","service":"api-gateway","timestamp":"2025-09-30 04:08:05"}
{"level":"info","message":"::1 - - [30/Sep/2025:04:08:35 +0000] \"GET /health HTTP/1.1\" 200 125 \"-\" \"-\"","service":"api-gateway","timestamp":"2025-09-30 04:08:35"}
{"level":"info","message":"::1 - - [30/Sep/2025:04:09:05 +0000] \"GET /health HTTP/1.1\" 200 125 \"-\" \"-\"","service":"api-gateway","timestamp":"2025-09-30 04:09:05"}
{"level":"info","message":"::1 - - [30/Sep/2025:04:09:35 +0000] \"GET /health HTTP/1.1\" 200 125 \"-\" \"-\"","service":"api-gateway","timestamp":"2025-09-30 04:09:35"}
{"level":"info","message":"::1 - - [30/Sep/2025:04:10:05 +0000] \"GET /health HTTP/1.1\" 200 125 \"-\" \"-\"","service":"api-gateway","timestamp":"2025-09-30 04:10:05"}
{"level":"info","message":"::1 - - [30/Sep/2025:04:10:35 +0000] \"GET /health HTTP/1.1\" 200 125 \"-\" \"-\"","service":"api-gateway","timestamp":"2025-09-30 04:10:35"}
{"level":"info","message":"::1 - - [30/Sep/2025:04:11:05 +0000] \"GET /health HTTP/1.1\" 200 125 \"-\" \"-\"","service":"api-gateway","timestamp":"2025-09-30 04:11:05"}
{"level":"info","message":"::1 - - [30/Sep/2025:04:11:35 +0000] \"GET /health HTTP/1.1\" 200 125 \"-\" \"-\"","service":"api-gateway","timestamp":"2025-09-30 04:11:35"}
{"level":"info","message":"::1 - - [30/Sep/2025:04:12:06 +0000] \"GET /health HTTP/1.1\" 200 125 \"-\" \"-\"","service":"api-gateway","timestamp":"2025-09-30 04:12:06"}
{"level":"info","message":"::1 - - [30/Sep/2025:04:12:36 +0000] \"GET /health HTTP/1.1\" 200 125 \"-\" \"-\"","service":"api-gateway","timestamp":"2025-09-30 04:12:36"}
{"activeConnections":0,"averageResponseTime":1,"errorRate":2,"level":"info","message":"Current metrics:","service":"api-gateway","timestamp":"2025-09-30 04:12:50","totalRequests":143}
{"level":"info","message":"::1 - - [30/Sep/2025:04:13:06 +0000] \"GET /health HTTP/1.1\" 200 125 \"-\" \"-\"","service":"api-gateway","timestamp":"2025-09-30 04:13:06"}
{"level":"info","message":"::1 - - [30/Sep/2025:04:13:36 +0000] \"GET /health HTTP/1.1\" 200 125 \"-\" \"-\"","service":"api-gateway","timestamp":"2025-09-30 04:13:36"}
{"level":"info","message":"::1 - - [30/Sep/2025:04:14:06 +0000] \"GET /health HTTP/1.1\" 200 125 \"-\" \"-\"","service":"api-gateway","timestamp":"2025-09-30 04:14:06"}
{"level":"info","message":"::1 - - [30/Sep/2025:04:14:36 +0000] \"GET /health HTTP/1.1\" 200 125 \"-\" \"-\"","service":"api-gateway","timestamp":"2025-09-30 04:14:36"}
{"level":"info","message":"::1 - - [30/Sep/2025:04:15:06 +0000] \"GET /health HTTP/1.1\" 200 125 \"-\" \"-\"","service":"api-gateway","timestamp":"2025-09-30 04:15:06"}
{"level":"info","message":"::1 - - [30/Sep/2025:04:15:36 +0000] \"GET /health HTTP/1.1\" 200 125 \"-\" \"-\"","service":"api-gateway","timestamp":"2025-09-30 04:15:36"}
{"level":"info","message":"::1 - - [30/Sep/2025:04:16:06 +0000] \"GET /health HTTP/1.1\" 200 125 \"-\" \"-\"","service":"api-gateway","timestamp":"2025-09-30 04:16:06"}
{"level":"info","message":"::1 - - [30/Sep/2025:04:16:36 +0000] \"GET /health HTTP/1.1\" 200 125 \"-\" \"-\"","service":"api-gateway","timestamp":"2025-09-30 04:16:36"}
{"level":"info","message":"::1 - - [30/Sep/2025:04:17:06 +0000] \"GET /health HTTP/1.1\" 200 125 \"-\" \"-\"","service":"api-gateway","timestamp":"2025-09-30 04:17:06"}
{"level":"info","message":"::1 - - [30/Sep/2025:04:17:36 +0000] \"GET /health HTTP/1.1\" 200 124 \"-\" \"-\"","service":"api-gateway","timestamp":"2025-09-30 04:17:36"}
{"activeConnections":0,"averageResponseTime":1,"errorRate":2,"level":"info","message":"Current metrics:","service":"api-gateway","timestamp":"2025-09-30 04:17:50","totalRequests":153}
{"level":"info","message":"::1 - - [30/Sep/2025:04:18:07 +0000] \"GET /health HTTP/1.1\" 200 125 \"-\" \"-\"","service":"api-gateway","timestamp":"2025-09-30 04:18:07"}
{"level":"info","message":"::1 - - [30/Sep/2025:04:18:37 +0000] \"GET /health HTTP/1.1\" 200 125 \"-\" \"-\"","service":"api-gateway","timestamp":"2025-09-30 04:18:37"}
{"level":"info","message":"::1 - - [30/Sep/2025:04:19:07 +0000] \"GET /health HTTP/1.1\" 200 125 \"-\" \"-\"","service":"api-gateway","timestamp":"2025-09-30 04:19:07"}
{"level":"info","message":"::1 - - [30/Sep/2025:04:19:37 +0000] \"GET /health HTTP/1.1\" 200 125 \"-\" \"-\"","service":"api-gateway","timestamp":"2025-09-30 04:19:37"}
{"level":"info","message":"::1 - - [30/Sep/2025:04:20:07 +0000] \"GET /health HTTP/1.1\" 200 125 \"-\" \"-\"","service":"api-gateway","timestamp":"2025-09-30 04:20:07"}
{"level":"info","message":"::1 - - [30/Sep/2025:04:20:37 +0000] \"GET /health HTTP/1.1\" 200 125 \"-\" \"-\"","service":"api-gateway","timestamp":"2025-09-30 04:20:37"}
{"level":"info","message":"::1 - - [30/Sep/2025:04:21:07 +0000] \"GET /health HTTP/1.1\" 200 125 \"-\" \"-\"","service":"api-gateway","timestamp":"2025-09-30 04:21:07"}
{"level":"info","message":"::1 - - [30/Sep/2025:04:21:37 +0000] \"GET /health HTTP/1.1\" 200 125 \"-\" \"-\"","service":"api-gateway","timestamp":"2025-09-30 04:21:37"}
{"level":"info","message":"::1 - - [30/Sep/2025:04:22:07 +0000] \"GET /health HTTP/1.1\" 200 125 \"-\" \"-\"","service":"api-gateway","timestamp":"2025-09-30 04:22:07"}
{"level":"info","message":"::1 - - [30/Sep/2025:04:22:37 +0000] \"GET /health HTTP/1.1\" 200 125 \"-\" \"-\"","service":"api-gateway","timestamp":"2025-09-30 04:22:37"}
{"activeConnections":0,"averageResponseTime":1,"errorRate":2,"level":"info","message":"Current metrics:","service":"api-gateway","timestamp":"2025-09-30 04:22:50","totalRequests":163}
{"level":"info","message":"::1 - - [30/Sep/2025:04:23:07 +0000] \"GET /health HTTP/1.1\" 200 125 \"-\" \"-\"","service":"api-gateway","timestamp":"2025-09-30 04:23:07"}
{"level":"info","message":"::1 - - [30/Sep/2025:04:23:37 +0000] \"GET /health HTTP/1.1\" 200 125 \"-\" \"-\"","service":"api-gateway","timestamp":"2025-09-30 04:23:37"}
{"level":"info","message":"::1 - - [30/Sep/2025:04:24:07 +0000] \"GET /health HTTP/1.1\" 200 125 \"-\" \"-\"","service":"api-gateway","timestamp":"2025-09-30 04:24:07"}
{"level":"info","message":"::1 - - [30/Sep/2025:04:24:37 +0000] \"GET /health HTTP/1.1\" 200 124 \"-\" \"-\"","service":"api-gateway","timestamp":"2025-09-30 04:24:37"}
{"level":"info","message":"::1 - - [30/Sep/2025:04:25:07 +0000] \"GET /health HTTP/1.1\" 200 125 \"-\" \"-\"","service":"api-gateway","timestamp":"2025-09-30 04:25:07"}
{"level":"info","message":"::1 - - [30/Sep/2025:04:25:38 +0000] \"GET /health HTTP/1.1\" 200 125 \"-\" \"-\"","service":"api-gateway","timestamp":"2025-09-30 04:25:38"}
{"level":"info","message":"::1 - - [30/Sep/2025:04:26:08 +0000] \"GET /health HTTP/1.1\" 200 125 \"-\" \"-\"","service":"api-gateway","timestamp":"2025-09-30 04:26:08"}
{"level":"info","message":"::1 - - [30/Sep/2025:04:26:38 +0000] \"GET /health HTTP/1.1\" 200 125 \"-\" \"-\"","service":"api-gateway","timestamp":"2025-09-30 04:26:38"}
{"level":"info","message":"::1 - - [30/Sep/2025:04:27:08 +0000] \"GET /health HTTP/1.1\" 200 125 \"-\" \"-\"","service":"api-gateway","timestamp":"2025-09-30 04:27:08"}
{"level":"info","message":"::1 - - [30/Sep/2025:04:27:38 +0000] \"GET /health HTTP/1.1\" 200 125 \"-\" \"-\"","service":"api-gateway","timestamp":"2025-09-30 04:27:38"}
{"activeConnections":0,"averageResponseTime":1,"errorRate":2,"level":"info","message":"Current metrics:","service":"api-gateway","timestamp":"2025-09-30 04:27:50","totalRequests":173}
{"level":"info","message":"::1 - - [30/Sep/2025:04:28:08 +0000] \"GET /health HTTP/1.1\" 200 125 \"-\" \"-\"","service":"api-gateway","timestamp":"2025-09-30 04:28:08"}
{"level":"info","message":"::1 - - [30/Sep/2025:04:28:38 +0000] \"GET /health HTTP/1.1\" 200 124 \"-\" \"-\"","service":"api-gateway","timestamp":"2025-09-30 04:28:38"}
{"level":"info","message":"::1 - - [30/Sep/2025:04:29:08 +0000] \"GET /health HTTP/1.1\" 200 125 \"-\" \"-\"","service":"api-gateway","timestamp":"2025-09-30 04:29:08"}
{"level":"info","message":"::1 - - [30/Sep/2025:04:29:38 +0000] \"GET /health HTTP/1.1\" 200 125 \"-\" \"-\"","service":"api-gateway","timestamp":"2025-09-30 04:29:38"}
{"level":"info","message":"::1 - - [30/Sep/2025:04:30:08 +0000] \"GET /health HTTP/1.1\" 200 125 \"-\" \"-\"","service":"api-gateway","timestamp":"2025-09-30 04:30:08"}
{"level":"info","message":"::1 - - [30/Sep/2025:04:30:38 +0000] \"GET /health HTTP/1.1\" 200 125 \"-\" \"-\"","service":"api-gateway","timestamp":"2025-09-30 04:30:38"}
{"level":"info","message":"::ffff:192.168.65.1 - - [30/Sep/2025:04:30:41 +0000] \"GET / HTTP/1.1\" 404 186 \"http://localhost:3000/\" \"Mozilla/5.0 (Macintosh; Intel Mac OS X 10_15_7) AppleWebKit/537.36 (KHTML, like Gecko) Chrome/140.0.0.0 Safari/537.36\"","service":"api-gateway","timestamp":"2025-09-30 04:30:41"}
{"level":"info","message":"::ffff:192.168.65.1 - - [30/Sep/2025:04:30:41 +0000] \"GET / HTTP/1.1\" 404 186 \"http://localhost:3000/\" \"Mozilla/5.0 (Macintosh; Intel Mac OS X 10_15_7) AppleWebKit/537.36 (KHTML, like Gecko) Chrome/140.0.0.0 Safari/537.36\"","service":"api-gateway","timestamp":"2025-09-30 04:30:41"}
{"level":"info","message":"::1 - - [30/Sep/2025:04:31:08 +0000] \"GET /health HTTP/1.1\" 200 125 \"-\" \"-\"","service":"api-gateway","timestamp":"2025-09-30 04:31:08"}
{"level":"info","message":"::1 - - [30/Sep/2025:04:31:38 +0000] \"GET /health HTTP/1.1\" 200 125 \"-\" \"-\"","service":"api-gateway","timestamp":"2025-09-30 04:31:38"}
{"level":"info","message":"::ffff:192.168.65.1 - - [30/Sep/2025:04:31:53 +0000] \"GET /api/docs HTTP/1.1\" 200 1305 \"-\" \"curl/8.7.1\"","service":"api-gateway","timestamp":"2025-09-30 04:31:53"}
{"level":"info","message":"::1 - - [30/Sep/2025:04:32:08 +0000] \"GET /health HTTP/1.1\" 200 125 \"-\" \"-\"","service":"api-gateway","timestamp":"2025-09-30 04:32:08"}
{"level":"info","message":"::ffff:192.168.65.1 - - [30/Sep/2025:04:32:31 +0000] \"GET / HTTP/1.1\" 404 186 \"http://localhost:3000/\" \"Mozilla/5.0 (Macintosh; Intel Mac OS X 10_15_7) AppleWebKit/537.36 (KHTML, like Gecko) Chrome/140.0.0.0 Safari/537.36\"","service":"api-gateway","timestamp":"2025-09-30 04:32:31"}
{"level":"info","message":"::ffff:192.168.65.1 - - [30/Sep/2025:04:32:31 +0000] \"GET / HTTP/1.1\" 404 186 \"http://localhost:3000/\" \"Mozilla/5.0 (Macintosh; Intel Mac OS X 10_15_7) AppleWebKit/537.36 (KHTML, like Gecko) Chrome/140.0.0.0 Safari/537.36\"","service":"api-gateway","timestamp":"2025-09-30 04:32:31"}
{"level":"info","message":"::1 - - [30/Sep/2025:04:32:39 +0000] \"GET /health HTTP/1.1\" 200 125 \"-\" \"-\"","service":"api-gateway","timestamp":"2025-09-30 04:32:39"}
{"activeConnections":0,"averageResponseTime":1,"errorRate":4,"level":"info","message":"Current metrics:","service":"api-gateway","timestamp":"2025-09-30 04:32:50","totalRequests":188}
{"level":"info","message":"::1 - - [30/Sep/2025:04:33:09 +0000] \"GET /health HTTP/1.1\" 200 125 \"-\" \"-\"","service":"api-gateway","timestamp":"2025-09-30 04:33:09"}
{"level":"info","message":"::1 - - [30/Sep/2025:04:33:39 +0000] \"GET /health HTTP/1.1\" 200 125 \"-\" \"-\"","service":"api-gateway","timestamp":"2025-09-30 04:33:39"}
{"level":"info","message":"::1 - - [30/Sep/2025:04:34:09 +0000] \"GET /health HTTP/1.1\" 200 125 \"-\" \"-\"","service":"api-gateway","timestamp":"2025-09-30 04:34:09"}
{"level":"info","message":"::1 - - [30/Sep/2025:04:34:39 +0000] \"GET /health HTTP/1.1\" 200 125 \"-\" \"-\"","service":"api-gateway","timestamp":"2025-09-30 04:34:39"}
{"level":"info","message":"::1 - - [30/Sep/2025:04:35:09 +0000] \"GET /health HTTP/1.1\" 200 124 \"-\" \"-\"","service":"api-gateway","timestamp":"2025-09-30 04:35:09"}
{"level":"info","message":"::1 - - [30/Sep/2025:04:35:39 +0000] \"GET /health HTTP/1.1\" 200 125 \"-\" \"-\"","service":"api-gateway","timestamp":"2025-09-30 04:35:39"}
{"level":"info","message":"::1 - - [30/Sep/2025:04:36:09 +0000] \"GET /health HTTP/1.1\" 200 125 \"-\" \"-\"","service":"api-gateway","timestamp":"2025-09-30 04:36:09"}
{"level":"info","message":"::1 - - [30/Sep/2025:04:36:39 +0000] \"GET /health HTTP/1.1\" 200 125 \"-\" \"-\"","service":"api-gateway","timestamp":"2025-09-30 04:36:39"}
{"level":"info","message":"::1 - - [30/Sep/2025:04:37:10 +0000] \"GET /health HTTP/1.1\" 200 124 \"-\" \"-\"","service":"api-gateway","timestamp":"2025-09-30 04:37:10"}
{"level":"info","message":"::1 - - [30/Sep/2025:04:37:40 +0000] \"GET /health HTTP/1.1\" 200 125 \"-\" \"-\"","service":"api-gateway","timestamp":"2025-09-30 04:37:40"}
{"activeConnections":0,"averageResponseTime":1,"errorRate":4,"level":"info","message":"Current metrics:","service":"api-gateway","timestamp":"2025-09-30 04:37:50","totalRequests":198}
{"level":"info","message":"::1 - - [30/Sep/2025:04:38:10 +0000] \"GET /health HTTP/1.1\" 200 125 \"-\" \"-\"","service":"api-gateway","timestamp":"2025-09-30 04:38:10"}
{"level":"info","message":"::1 - - [30/Sep/2025:04:38:40 +0000] \"GET /health HTTP/1.1\" 200 125 \"-\" \"-\"","service":"api-gateway","timestamp":"2025-09-30 04:38:40"}
{"level":"info","message":"::1 - - [30/Sep/2025:04:39:10 +0000] \"GET /health HTTP/1.1\" 200 124 \"-\" \"-\"","service":"api-gateway","timestamp":"2025-09-30 04:39:10"}
{"level":"info","message":"::1 - - [30/Sep/2025:04:39:40 +0000] \"GET /health HTTP/1.1\" 200 125 \"-\" \"-\"","service":"api-gateway","timestamp":"2025-09-30 04:39:40"}
{"level":"info","message":"::1 - - [30/Sep/2025:04:40:10 +0000] \"GET /health HTTP/1.1\" 200 125 \"-\" \"-\"","service":"api-gateway","timestamp":"2025-09-30 04:40:10"}
{"level":"info","message":"::1 - - [30/Sep/2025:04:40:40 +0000] \"GET /health HTTP/1.1\" 200 125 \"-\" \"-\"","service":"api-gateway","timestamp":"2025-09-30 04:40:40"}
{"level":"info","message":"::1 - - [30/Sep/2025:04:41:10 +0000] \"GET /health HTTP/1.1\" 200 125 \"-\" \"-\"","service":"api-gateway","timestamp":"2025-09-30 04:41:10"}
{"level":"info","message":"::1 - - [30/Sep/2025:04:41:40 +0000] \"GET /health HTTP/1.1\" 200 125 \"-\" \"-\"","service":"api-gateway","timestamp":"2025-09-30 04:41:40"}
{"level":"info","message":"::1 - - [30/Sep/2025:04:42:10 +0000] \"GET /health HTTP/1.1\" 200 125 \"-\" \"-\"","service":"api-gateway","timestamp":"2025-09-30 04:42:10"}
{"level":"info","message":"::1 - - [30/Sep/2025:04:42:40 +0000] \"GET /health HTTP/1.1\" 200 125 \"-\" \"-\"","service":"api-gateway","timestamp":"2025-09-30 04:42:40"}
{"activeConnections":0,"averageResponseTime":1,"errorRate":3,"level":"info","message":"Current metrics:","service":"api-gateway","timestamp":"2025-09-30 04:42:50","totalRequests":208}
{"level":"info","message":"::1 - - [30/Sep/2025:04:43:11 +0000] \"GET /health HTTP/1.1\" 200 125 \"-\" \"-\"","service":"api-gateway","timestamp":"2025-09-30 04:43:11"}
{"level":"info","message":"::1 - - [30/Sep/2025:04:43:41 +0000] \"GET /health HTTP/1.1\" 200 125 \"-\" \"-\"","service":"api-gateway","timestamp":"2025-09-30 04:43:41"}
{"level":"info","message":"::1 - - [30/Sep/2025:04:44:11 +0000] \"GET /health HTTP/1.1\" 200 125 \"-\" \"-\"","service":"api-gateway","timestamp":"2025-09-30 04:44:11"}
{"level":"info","message":"::1 - - [30/Sep/2025:04:44:41 +0000] \"GET /health HTTP/1.1\" 200 124 \"-\" \"-\"","service":"api-gateway","timestamp":"2025-09-30 04:44:41"}
{"level":"info","message":"::1 - - [30/Sep/2025:04:45:11 +0000] \"GET /health HTTP/1.1\" 200 125 \"-\" \"-\"","service":"api-gateway","timestamp":"2025-09-30 04:45:11"}
{"level":"info","message":"::1 - - [30/Sep/2025:04:45:41 +0000] \"GET /health HTTP/1.1\" 200 125 \"-\" \"-\"","service":"api-gateway","timestamp":"2025-09-30 04:45:41"}
{"level":"info","message":"::1 - - [30/Sep/2025:04:46:11 +0000] \"GET /health HTTP/1.1\" 200 125 \"-\" \"-\"","service":"api-gateway","timestamp":"2025-09-30 04:46:11"}
{"level":"info","message":"::ffff:192.168.65.1 - - [30/Sep/2025:04:46:36 +0000] \"GET / HTTP/1.1\" 404 186 \"-\" \"Mozilla/5.0 (Macintosh; Intel Mac OS X 10_15_7) AppleWebKit/537.36 (KHTML, like Gecko) Chrome/140.0.0.0 Safari/537.36\"","service":"api-gateway","timestamp":"2025-09-30 04:46:36"}
{"level":"info","message":"::ffff:192.168.65.1 - - [30/Sep/2025:04:46:37 +0000] \"GET /favicon.ico HTTP/1.1\" 404 186 \"-\" \"Mozilla/5.0 (Macintosh; Intel Mac OS X 10_15_7) AppleWebKit/537.36 (KHTML, like Gecko) Chrome/140.0.0.0 Safari/537.36\"","service":"api-gateway","timestamp":"2025-09-30 04:46:37"}
{"level":"info","message":"::1 - - [30/Sep/2025:04:46:41 +0000] \"GET /health HTTP/1.1\" 200 125 \"-\" \"-\"","service":"api-gateway","timestamp":"2025-09-30 04:46:41"}
{"level":"info","message":"::1 - - [30/Sep/2025:04:47:11 +0000] \"GET /health HTTP/1.1\" 200 125 \"-\" \"-\"","service":"api-gateway","timestamp":"2025-09-30 04:47:11"}
{"level":"info","message":"::1 - - [30/Sep/2025:04:47:41 +0000] \"GET /health HTTP/1.1\" 200 125 \"-\" \"-\"","service":"api-gateway","timestamp":"2025-09-30 04:47:41"}
{"activeConnections":0,"averageResponseTime":1,"errorRate":4,"level":"info","message":"Current metrics:","service":"api-gateway","timestamp":"2025-09-30 04:47:50","totalRequests":220}
{"level":"info","message":"::1 - - [30/Sep/2025:04:48:11 +0000] \"GET /health HTTP/1.1\" 200 125 \"-\" \"-\"","service":"api-gateway","timestamp":"2025-09-30 04:48:11"}
{"level":"info","message":"::1 - - [30/Sep/2025:04:48:41 +0000] \"GET /health HTTP/1.1\" 200 125 \"-\" \"-\"","service":"api-gateway","timestamp":"2025-09-30 04:48:41"}
{"level":"info","message":"::1 - - [30/Sep/2025:04:49:11 +0000] \"GET /health HTTP/1.1\" 200 125 \"-\" \"-\"","service":"api-gateway","timestamp":"2025-09-30 04:49:11"}
{"level":"info","message":"::1 - - [30/Sep/2025:04:49:41 +0000] \"GET /health HTTP/1.1\" 200 125 \"-\" \"-\"","service":"api-gateway","timestamp":"2025-09-30 04:49:41"}
{"level":"info","message":"::1 - - [30/Sep/2025:04:50:12 +0000] \"GET /health HTTP/1.1\" 200 125 \"-\" \"-\"","service":"api-gateway","timestamp":"2025-09-30 04:50:12"}
{"level":"info","message":"::1 - - [30/Sep/2025:04:50:42 +0000] \"GET /health HTTP/1.1\" 200 125 \"-\" \"-\"","service":"api-gateway","timestamp":"2025-09-30 04:50:42"}
{"level":"info","message":"::1 - - [30/Sep/2025:04:51:12 +0000] \"GET /health HTTP/1.1\" 200 125 \"-\" \"-\"","service":"api-gateway","timestamp":"2025-09-30 04:51:12"}
{"level":"info","message":"::1 - - [30/Sep/2025:04:51:42 +0000] \"GET /health HTTP/1.1\" 200 124 \"-\" \"-\"","service":"api-gateway","timestamp":"2025-09-30 04:51:42"}
{"level":"info","message":"::1 - - [30/Sep/2025:04:52:12 +0000] \"GET /health HTTP/1.1\" 200 125 \"-\" \"-\"","service":"api-gateway","timestamp":"2025-09-30 04:52:12"}
{"level":"info","message":"::1 - - [30/Sep/2025:04:52:42 +0000] \"GET /health HTTP/1.1\" 200 125 \"-\" \"-\"","service":"api-gateway","timestamp":"2025-09-30 04:52:42"}
{"activeConnections":0,"averageResponseTime":1,"errorRate":4,"level":"info","message":"Current metrics:","service":"api-gateway","timestamp":"2025-09-30 04:52:50","totalRequests":230}
{"level":"info","message":"::1 - - [30/Sep/2025:04:53:12 +0000] \"GET /health HTTP/1.1\" 200 125 \"-\" \"-\"","service":"api-gateway","timestamp":"2025-09-30 04:53:12"}
{"level":"info","message":"::1 - - [30/Sep/2025:04:53:42 +0000] \"GET /health HTTP/1.1\" 200 125 \"-\" \"-\"","service":"api-gateway","timestamp":"2025-09-30 04:53:42"}
{"level":"info","message":"::1 - - [30/Sep/2025:04:54:12 +0000] \"GET /health HTTP/1.1\" 200 125 \"-\" \"-\"","service":"api-gateway","timestamp":"2025-09-30 04:54:12"}
{"level":"info","message":"::1 - - [30/Sep/2025:04:54:42 +0000] \"GET /health HTTP/1.1\" 200 125 \"-\" \"-\"","service":"api-gateway","timestamp":"2025-09-30 04:54:42"}
{"level":"info","message":"::1 - - [30/Sep/2025:04:55:12 +0000] \"GET /health HTTP/1.1\" 200 125 \"-\" \"-\"","service":"api-gateway","timestamp":"2025-09-30 04:55:12"}
{"level":"info","message":"::1 - - [30/Sep/2025:04:55:42 +0000] \"GET /health HTTP/1.1\" 200 125 \"-\" \"-\"","service":"api-gateway","timestamp":"2025-09-30 04:55:42"}
{"level":"info","message":"::1 - - [30/Sep/2025:04:56:12 +0000] \"GET /health HTTP/1.1\" 200 125 \"-\" \"-\"","service":"api-gateway","timestamp":"2025-09-30 04:56:12"}
{"level":"info","message":"::1 - - [30/Sep/2025:04:56:43 +0000] \"GET /health HTTP/1.1\" 200 125 \"-\" \"-\"","service":"api-gateway","timestamp":"2025-09-30 04:56:43"}
{"level":"info","message":"::1 - - [30/Sep/2025:04:57:13 +0000] \"GET /health HTTP/1.1\" 200 125 \"-\" \"-\"","service":"api-gateway","timestamp":"2025-09-30 04:57:13"}
{"level":"info","message":"::1 - - [30/Sep/2025:04:57:43 +0000] \"GET /health HTTP/1.1\" 200 125 \"-\" \"-\"","service":"api-gateway","timestamp":"2025-09-30 04:57:43"}
{"activeConnections":0,"averageResponseTime":1,"errorRate":4,"level":"info","message":"Current metrics:","service":"api-gateway","timestamp":"2025-09-30 04:57:50","totalRequests":240}
{"level":"info","message":"::1 - - [30/Sep/2025:04:58:13 +0000] \"GET /health HTTP/1.1\" 200 125 \"-\" \"-\"","service":"api-gateway","timestamp":"2025-09-30 04:58:13"}
{"level":"info","message":"::1 - - [30/Sep/2025:04:58:43 +0000] \"GET /health HTTP/1.1\" 200 125 \"-\" \"-\"","service":"api-gateway","timestamp":"2025-09-30 04:58:43"}
{"level":"info","message":"::1 - - [30/Sep/2025:04:59:13 +0000] \"GET /health HTTP/1.1\" 200 123 \"-\" \"-\"","service":"api-gateway","timestamp":"2025-09-30 04:59:13"}
{"level":"info","message":"::1 - - [30/Sep/2025:04:59:43 +0000] \"GET /health HTTP/1.1\" 200 125 \"-\" \"-\"","service":"api-gateway","timestamp":"2025-09-30 04:59:43"}
{"level":"info","message":"::1 - - [30/Sep/2025:05:00:13 +0000] \"GET /health HTTP/1.1\" 200 125 \"-\" \"-\"","service":"api-gateway","timestamp":"2025-09-30 05:00:13"}
{"level":"info","message":"::1 - - [30/Sep/2025:05:00:43 +0000] \"GET /health HTTP/1.1\" 200 125 \"-\" \"-\"","service":"api-gateway","timestamp":"2025-09-30 05:00:43"}
{"level":"info","message":"::ffff:192.168.65.1 - - [30/Sep/2025:05:01:12 +0000] \"GET / HTTP/1.1\" 404 186 \"-\" \"Mozilla/5.0 (Macintosh; Intel Mac OS X 10_15_7) AppleWebKit/537.36 (KHTML, like Gecko) Chrome/140.0.0.0 Safari/537.36\"","service":"api-gateway","timestamp":"2025-09-30 05:01:12"}
{"level":"info","message":"::ffff:192.168.65.1 - - [30/Sep/2025:05:01:12 +0000] \"GET /favicon.ico HTTP/1.1\" 404 186 \"-\" \"Mozilla/5.0 (Macintosh; Intel Mac OS X 10_15_7) AppleWebKit/537.36 (KHTML, like Gecko) Chrome/140.0.0.0 Safari/537.36\"","service":"api-gateway","timestamp":"2025-09-30 05:01:12"}
{"level":"info","message":"::1 - - [30/Sep/2025:05:01:13 +0000] \"GET /health HTTP/1.1\" 200 125 \"-\" \"-\"","service":"api-gateway","timestamp":"2025-09-30 05:01:13"}
{"level":"info","message":"::1 - - [30/Sep/2025:05:01:43 +0000] \"GET /health HTTP/1.1\" 200 125 \"-\" \"-\"","service":"api-gateway","timestamp":"2025-09-30 05:01:43"}
{"level":"info","message":"::1 - - [30/Sep/2025:05:02:13 +0000] \"GET /health HTTP/1.1\" 200 125 \"-\" \"-\"","service":"api-gateway","timestamp":"2025-09-30 05:02:13"}
{"level":"info","message":"::1 - - [30/Sep/2025:05:02:43 +0000] \"GET /health HTTP/1.1\" 200 125 \"-\" \"-\"","service":"api-gateway","timestamp":"2025-09-30 05:02:43"}
{"activeConnections":0,"averageResponseTime":1,"errorRate":4,"level":"info","message":"Current metrics:","service":"api-gateway","timestamp":"2025-09-30 05:02:50","totalRequests":252}
{"level":"info","message":"::1 - - [30/Sep/2025:05:03:13 +0000] \"GET /health HTTP/1.1\" 200 125 \"-\" \"-\"","service":"api-gateway","timestamp":"2025-09-30 05:03:13"}
{"level":"info","message":"::1 - - [30/Sep/2025:05:03:44 +0000] \"GET /health HTTP/1.1\" 200 125 \"-\" \"-\"","service":"api-gateway","timestamp":"2025-09-30 05:03:44"}
{"level":"info","message":"::1 - - [30/Sep/2025:05:04:14 +0000] \"GET /health HTTP/1.1\" 200 125 \"-\" \"-\"","service":"api-gateway","timestamp":"2025-09-30 05:04:14"}
{"level":"info","message":"::1 - - [30/Sep/2025:05:04:44 +0000] \"GET /health HTTP/1.1\" 200 125 \"-\" \"-\"","service":"api-gateway","timestamp":"2025-09-30 05:04:44"}
{"level":"info","message":"::1 - - [30/Sep/2025:05:05:14 +0000] \"GET /health HTTP/1.1\" 200 125 \"-\" \"-\"","service":"api-gateway","timestamp":"2025-09-30 05:05:14"}
{"level":"info","message":"::1 - - [30/Sep/2025:05:05:44 +0000] \"GET /health HTTP/1.1\" 200 124 \"-\" \"-\"","service":"api-gateway","timestamp":"2025-09-30 05:05:44"}
{"level":"info","message":"::1 - - [30/Sep/2025:05:06:14 +0000] \"GET /health HTTP/1.1\" 200 125 \"-\" \"-\"","service":"api-gateway","timestamp":"2025-09-30 05:06:14"}
{"level":"info","message":"::1 - - [30/Sep/2025:05:06:44 +0000] \"GET /health HTTP/1.1\" 200 125 \"-\" \"-\"","service":"api-gateway","timestamp":"2025-09-30 05:06:44"}
{"level":"info","message":"::1 - - [30/Sep/2025:05:07:14 +0000] \"GET /health HTTP/1.1\" 200 125 \"-\" \"-\"","service":"api-gateway","timestamp":"2025-09-30 05:07:14"}
{"level":"info","message":"::1 - - [30/Sep/2025:05:07:44 +0000] \"GET /health HTTP/1.1\" 200 125 \"-\" \"-\"","service":"api-gateway","timestamp":"2025-09-30 05:07:44"}
{"activeConnections":0,"averageResponseTime":1,"errorRate":4,"level":"info","message":"Current metrics:","service":"api-gateway","timestamp":"2025-09-30 05:07:50","totalRequests":262}
{"level":"info","message":"::1 - - [30/Sep/2025:05:08:14 +0000] \"GET /health HTTP/1.1\" 200 125 \"-\" \"-\"","service":"api-gateway","timestamp":"2025-09-30 05:08:14"}
{"level":"info","message":"::1 - - [30/Sep/2025:05:08:44 +0000] \"GET /health HTTP/1.1\" 200 125 \"-\" \"-\"","service":"api-gateway","timestamp":"2025-09-30 05:08:44"}
{"level":"info","message":"::1 - - [30/Sep/2025:05:09:14 +0000] \"GET /health HTTP/1.1\" 200 125 \"-\" \"-\"","service":"api-gateway","timestamp":"2025-09-30 05:09:14"}
{"level":"info","message":"::1 - - [30/Sep/2025:05:09:44 +0000] \"GET /health HTTP/1.1\" 200 125 \"-\" \"-\"","service":"api-gateway","timestamp":"2025-09-30 05:09:44"}
{"level":"info","message":"::1 - - [30/Sep/2025:05:10:14 +0000] \"GET /health HTTP/1.1\" 200 125 \"-\" \"-\"","service":"api-gateway","timestamp":"2025-09-30 05:10:14"}
{"level":"info","message":"::1 - - [30/Sep/2025:05:10:45 +0000] \"GET /health HTTP/1.1\" 200 125 \"-\" \"-\"","service":"api-gateway","timestamp":"2025-09-30 05:10:45"}
{"level":"info","message":"::1 - - [30/Sep/2025:05:11:15 +0000] \"GET /health HTTP/1.1\" 200 125 \"-\" \"-\"","service":"api-gateway","timestamp":"2025-09-30 05:11:15"}
{"level":"info","message":"::1 - - [30/Sep/2025:05:11:45 +0000] \"GET /health HTTP/1.1\" 200 125 \"-\" \"-\"","service":"api-gateway","timestamp":"2025-09-30 05:11:45"}
{"level":"info","message":"::1 - - [30/Sep/2025:05:12:15 +0000] \"GET /health HTTP/1.1\" 200 125 \"-\" \"-\"","service":"api-gateway","timestamp":"2025-09-30 05:12:15"}
{"level":"info","message":"::1 - - [30/Sep/2025:05:12:45 +0000] \"GET /health HTTP/1.1\" 200 125 \"-\" \"-\"","service":"api-gateway","timestamp":"2025-09-30 05:12:45"}
{"activeConnections":0,"averageResponseTime":1,"errorRate":4,"level":"info","message":"Current metrics:","service":"api-gateway","timestamp":"2025-09-30 05:12:50","totalRequests":272}
{"level":"info","message":"::1 - - [30/Sep/2025:05:13:15 +0000] \"GET /health HTTP/1.1\" 200 125 \"-\" \"-\"","service":"api-gateway","timestamp":"2025-09-30 05:13:15"}
{"level":"info","message":"::1 - - [30/Sep/2025:05:13:45 +0000] \"GET /health HTTP/1.1\" 200 125 \"-\" \"-\"","service":"api-gateway","timestamp":"2025-09-30 05:13:45"}
{"level":"info","message":"::1 - - [30/Sep/2025:05:14:15 +0000] \"GET /health HTTP/1.1\" 200 125 \"-\" \"-\"","service":"api-gateway","timestamp":"2025-09-30 05:14:15"}
{"level":"info","message":"::1 - - [30/Sep/2025:05:14:45 +0000] \"GET /health HTTP/1.1\" 200 125 \"-\" \"-\"","service":"api-gateway","timestamp":"2025-09-30 05:14:45"}
{"level":"info","message":"::1 - - [30/Sep/2025:05:15:15 +0000] \"GET /health HTTP/1.1\" 200 125 \"-\" \"-\"","service":"api-gateway","timestamp":"2025-09-30 05:15:15"}
{"level":"info","message":"::1 - - [30/Sep/2025:05:15:45 +0000] \"GET /health HTTP/1.1\" 200 125 \"-\" \"-\"","service":"api-gateway","timestamp":"2025-09-30 05:15:45"}
{"level":"info","message":"::1 - - [30/Sep/2025:05:16:15 +0000] \"GET /health HTTP/1.1\" 200 125 \"-\" \"-\"","service":"api-gateway","timestamp":"2025-09-30 05:16:15"}
{"level":"info","message":"::1 - - [30/Sep/2025:05:16:45 +0000] \"GET /health HTTP/1.1\" 200 124 \"-\" \"-\"","service":"api-gateway","timestamp":"2025-09-30 05:16:45"}
{"level":"info","message":"::1 - - [30/Sep/2025:05:17:15 +0000] \"GET /health HTTP/1.1\" 200 124 \"-\" \"-\"","service":"api-gateway","timestamp":"2025-09-30 05:17:15"}
{"level":"info","message":"::1 - - [30/Sep/2025:05:17:45 +0000] \"GET /health HTTP/1.1\" 200 124 \"-\" \"-\"","service":"api-gateway","timestamp":"2025-09-30 05:17:45"}
{"activeConnections":0,"averageResponseTime":1,"errorRate":4,"level":"info","message":"Current metrics:","service":"api-gateway","timestamp":"2025-09-30 05:17:50","totalRequests":282}
{"level":"info","message":"::1 - - [30/Sep/2025:05:18:16 +0000] \"GET /health HTTP/1.1\" 200 125 \"-\" \"-\"","service":"api-gateway","timestamp":"2025-09-30 05:18:16"}
{"level":"info","message":"::1 - - [30/Sep/2025:05:18:46 +0000] \"GET /health HTTP/1.1\" 200 125 \"-\" \"-\"","service":"api-gateway","timestamp":"2025-09-30 05:18:46"}
{"level":"info","message":"::1 - - [30/Sep/2025:05:19:16 +0000] \"GET /health HTTP/1.1\" 200 125 \"-\" \"-\"","service":"api-gateway","timestamp":"2025-09-30 05:19:16"}
{"level":"info","message":"::ffff:192.168.65.1 - - [30/Sep/2025:05:19:36 +0000] \"GET / HTTP/1.1\" 404 186 \"-\" \"Mozilla/5.0 (Macintosh; Intel Mac OS X 10_15_7) AppleWebKit/537.36 (KHTML, like Gecko) Chrome/140.0.0.0 Safari/537.36\"","service":"api-gateway","timestamp":"2025-09-30 05:19:36"}
{"level":"info","message":"::1 - - [30/Sep/2025:05:19:46 +0000] \"GET /health HTTP/1.1\" 200 125 \"-\" \"-\"","service":"api-gateway","timestamp":"2025-09-30 05:19:46"}
{"level":"info","message":"::1 - - [30/Sep/2025:05:20:16 +0000] \"GET /health HTTP/1.1\" 200 125 \"-\" \"-\"","service":"api-gateway","timestamp":"2025-09-30 05:20:16"}
{"level":"info","message":"::1 - - [30/Sep/2025:05:20:46 +0000] \"GET /health HTTP/1.1\" 200 125 \"-\" \"-\"","service":"api-gateway","timestamp":"2025-09-30 05:20:46"}
{"level":"info","message":"::1 - - [30/Sep/2025:05:21:16 +0000] \"GET /health HTTP/1.1\" 200 125 \"-\" \"-\"","service":"api-gateway","timestamp":"2025-09-30 05:21:16"}
{"level":"info","message":"::1 - - [30/Sep/2025:05:21:46 +0000] \"GET /health HTTP/1.1\" 200 125 \"-\" \"-\"","service":"api-gateway","timestamp":"2025-09-30 05:21:46"}
{"level":"info","message":"::1 - - [30/Sep/2025:05:22:16 +0000] \"GET /health HTTP/1.1\" 200 125 \"-\" \"-\"","service":"api-gateway","timestamp":"2025-09-30 05:22:16"}
{"level":"info","message":"::1 - - [30/Sep/2025:05:22:46 +0000] \"GET /health HTTP/1.1\" 200 125 \"-\" \"-\"","service":"api-gateway","timestamp":"2025-09-30 05:22:46"}
{"activeConnections":0,"averageResponseTime":1,"errorRate":4,"level":"info","message":"Current metrics:","service":"api-gateway","timestamp":"2025-09-30 05:22:50","totalRequests":293}
{"level":"info","message":"::1 - - [30/Sep/2025:05:23:16 +0000] \"GET /health HTTP/1.1\" 200 125 \"-\" \"-\"","service":"api-gateway","timestamp":"2025-09-30 05:23:16"}
{"level":"info","message":"::1 - - [30/Sep/2025:05:23:46 +0000] \"GET /health HTTP/1.1\" 200 125 \"-\" \"-\"","service":"api-gateway","timestamp":"2025-09-30 05:23:46"}
{"level":"info","message":"::1 - - [30/Sep/2025:05:24:16 +0000] \"GET /health HTTP/1.1\" 200 125 \"-\" \"-\"","service":"api-gateway","timestamp":"2025-09-30 05:24:16"}
{"level":"info","message":"::1 - - [30/Sep/2025:05:24:46 +0000] \"GET /health HTTP/1.1\" 200 125 \"-\" \"-\"","service":"api-gateway","timestamp":"2025-09-30 05:24:46"}
{"level":"info","message":"::1 - - [30/Sep/2025:05:25:16 +0000] \"GET /health HTTP/1.1\" 200 124 \"-\" \"-\"","service":"api-gateway","timestamp":"2025-09-30 05:25:16"}
{"level":"info","message":"::1 - - [30/Sep/2025:05:25:47 +0000] \"GET /health HTTP/1.1\" 200 125 \"-\" \"-\"","service":"api-gateway","timestamp":"2025-09-30 05:25:47"}
{"level":"info","message":"::1 - - [30/Sep/2025:05:26:17 +0000] \"GET /health HTTP/1.1\" 200 125 \"-\" \"-\"","service":"api-gateway","timestamp":"2025-09-30 05:26:17"}
{"level":"info","message":"::1 - - [30/Sep/2025:05:26:47 +0000] \"GET /health HTTP/1.1\" 200 125 \"-\" \"-\"","service":"api-gateway","timestamp":"2025-09-30 05:26:47"}
{"level":"info","message":"::1 - - [30/Sep/2025:05:27:17 +0000] \"GET /health HTTP/1.1\" 200 125 \"-\" \"-\"","service":"api-gateway","timestamp":"2025-09-30 05:27:17"}
{"level":"info","message":"::1 - - [30/Sep/2025:05:27:47 +0000] \"GET /health HTTP/1.1\" 200 125 \"-\" \"-\"","service":"api-gateway","timestamp":"2025-09-30 05:27:47"}
{"activeConnections":0,"averageResponseTime":1,"errorRate":4,"level":"info","message":"Current metrics:","service":"api-gateway","timestamp":"2025-09-30 05:27:50","totalRequests":303}
{"level":"info","message":"::1 - - [30/Sep/2025:05:28:17 +0000] \"GET /health HTTP/1.1\" 200 125 \"-\" \"-\"","service":"api-gateway","timestamp":"2025-09-30 05:28:17"}
{"level":"info","message":"::1 - - [30/Sep/2025:05:28:47 +0000] \"GET /health HTTP/1.1\" 200 125 \"-\" \"-\"","service":"api-gateway","timestamp":"2025-09-30 05:28:47"}
{"level":"info","message":"::1 - - [30/Sep/2025:05:29:17 +0000] \"GET /health HTTP/1.1\" 200 125 \"-\" \"-\"","service":"api-gateway","timestamp":"2025-09-30 05:29:17"}
{"level":"info","message":"::1 - - [30/Sep/2025:05:29:47 +0000] \"GET /health HTTP/1.1\" 200 125 \"-\" \"-\"","service":"api-gateway","timestamp":"2025-09-30 05:29:47"}
{"level":"info","message":"::1 - - [30/Sep/2025:05:30:17 +0000] \"GET /health HTTP/1.1\" 200 125 \"-\" \"-\"","service":"api-gateway","timestamp":"2025-09-30 05:30:17"}
{"level":"info","message":"::1 - - [30/Sep/2025:05:30:47 +0000] \"GET /health HTTP/1.1\" 200 125 \"-\" \"-\"","service":"api-gateway","timestamp":"2025-09-30 05:30:47"}
{"level":"info","message":"::1 - - [30/Sep/2025:05:31:17 +0000] \"GET /health HTTP/1.1\" 200 125 \"-\" \"-\"","service":"api-gateway","timestamp":"2025-09-30 05:31:17"}
{"level":"info","message":"::1 - - [30/Sep/2025:05:31:47 +0000] \"GET /health HTTP/1.1\" 200 125 \"-\" \"-\"","service":"api-gateway","timestamp":"2025-09-30 05:31:47"}
{"level":"info","message":"::1 - - [30/Sep/2025:05:32:17 +0000] \"GET /health HTTP/1.1\" 200 125 \"-\" \"-\"","service":"api-gateway","timestamp":"2025-09-30 05:32:17"}
{"level":"info","message":"::1 - - [30/Sep/2025:05:32:48 +0000] \"GET /health HTTP/1.1\" 200 125 \"-\" \"-\"","service":"api-gateway","timestamp":"2025-09-30 05:32:48"}
{"activeConnections":0,"averageResponseTime":1,"errorRate":4,"level":"info","message":"Current metrics:","service":"api-gateway","timestamp":"2025-09-30 05:32:50","totalRequests":313}
{"level":"info","message":"::1 - - [30/Sep/2025:05:33:18 +0000] \"GET /health HTTP/1.1\" 200 124 \"-\" \"-\"","service":"api-gateway","timestamp":"2025-09-30 05:33:18"}
{"level":"info","message":"::1 - - [30/Sep/2025:05:33:48 +0000] \"GET /health HTTP/1.1\" 200 125 \"-\" \"-\"","service":"api-gateway","timestamp":"2025-09-30 05:33:48"}
{"level":"info","message":"::1 - - [30/Sep/2025:05:34:18 +0000] \"GET /health HTTP/1.1\" 200 125 \"-\" \"-\"","service":"api-gateway","timestamp":"2025-09-30 05:34:18"}
{"level":"info","message":"::1 - - [30/Sep/2025:05:34:48 +0000] \"GET /health HTTP/1.1\" 200 125 \"-\" \"-\"","service":"api-gateway","timestamp":"2025-09-30 05:34:48"}
{"level":"info","message":"::1 - - [30/Sep/2025:05:35:18 +0000] \"GET /health HTTP/1.1\" 200 125 \"-\" \"-\"","service":"api-gateway","timestamp":"2025-09-30 05:35:18"}
{"level":"info","message":"::1 - - [30/Sep/2025:05:35:48 +0000] \"GET /health HTTP/1.1\" 200 125 \"-\" \"-\"","service":"api-gateway","timestamp":"2025-09-30 05:35:48"}
{"level":"info","message":"::1 - - [30/Sep/2025:05:36:18 +0000] \"GET /health HTTP/1.1\" 200 125 \"-\" \"-\"","service":"api-gateway","timestamp":"2025-09-30 05:36:18"}
{"level":"info","message":"::1 - - [30/Sep/2025:05:36:48 +0000] \"GET /health HTTP/1.1\" 200 125 \"-\" \"-\"","service":"api-gateway","timestamp":"2025-09-30 05:36:48"}
{"level":"info","message":"::1 - - [30/Sep/2025:05:37:18 +0000] \"GET /health HTTP/1.1\" 200 125 \"-\" \"-\"","service":"api-gateway","timestamp":"2025-09-30 05:37:18"}
{"level":"info","message":"::1 - - [30/Sep/2025:05:37:48 +0000] \"GET /health HTTP/1.1\" 200 125 \"-\" \"-\"","service":"api-gateway","timestamp":"2025-09-30 05:37:48"}
{"activeConnections":0,"averageResponseTime":1,"errorRate":4,"level":"info","message":"Current metrics:","service":"api-gateway","timestamp":"2025-09-30 05:37:50","totalRequests":323}
{"level":"info","message":"::1 - - [30/Sep/2025:05:38:18 +0000] \"GET /health HTTP/1.1\" 200 125 \"-\" \"-\"","service":"api-gateway","timestamp":"2025-09-30 05:38:18"}
{"level":"info","message":"::1 - - [30/Sep/2025:05:38:48 +0000] \"GET /health HTTP/1.1\" 200 124 \"-\" \"-\"","service":"api-gateway","timestamp":"2025-09-30 05:38:48"}
{"level":"info","message":"::1 - - [30/Sep/2025:05:39:19 +0000] \"GET /health HTTP/1.1\" 200 125 \"-\" \"-\"","service":"api-gateway","timestamp":"2025-09-30 05:39:19"}
{"level":"info","message":"::1 - - [30/Sep/2025:05:39:49 +0000] \"GET /health HTTP/1.1\" 200 125 \"-\" \"-\"","service":"api-gateway","timestamp":"2025-09-30 05:39:49"}
{"level":"info","message":"::1 - - [30/Sep/2025:05:40:19 +0000] \"GET /health HTTP/1.1\" 200 125 \"-\" \"-\"","service":"api-gateway","timestamp":"2025-09-30 05:40:19"}
{"level":"info","message":"::1 - - [30/Sep/2025:05:40:49 +0000] \"GET /health HTTP/1.1\" 200 125 \"-\" \"-\"","service":"api-gateway","timestamp":"2025-09-30 05:40:49"}
{"level":"info","message":"::1 - - [30/Sep/2025:05:41:19 +0000] \"GET /health HTTP/1.1\" 200 125 \"-\" \"-\"","service":"api-gateway","timestamp":"2025-09-30 05:41:19"}
{"level":"info","message":"::1 - - [30/Sep/2025:05:41:49 +0000] \"GET /health HTTP/1.1\" 200 125 \"-\" \"-\"","service":"api-gateway","timestamp":"2025-09-30 05:41:49"}
{"level":"info","message":"::1 - - [30/Sep/2025:05:42:19 +0000] \"GET /health HTTP/1.1\" 200 125 \"-\" \"-\"","service":"api-gateway","timestamp":"2025-09-30 05:42:19"}
{"level":"info","message":"::1 - - [30/Sep/2025:05:42:49 +0000] \"GET /health HTTP/1.1\" 200 125 \"-\" \"-\"","service":"api-gateway","timestamp":"2025-09-30 05:42:49"}
{"activeConnections":0,"averageResponseTime":1,"errorRate":4,"level":"info","message":"Current metrics:","service":"api-gateway","timestamp":"2025-09-30 05:42:50","totalRequests":333}
{"level":"info","message":"::1 - - [30/Sep/2025:05:43:19 +0000] \"GET /health HTTP/1.1\" 200 125 \"-\" \"-\"","service":"api-gateway","timestamp":"2025-09-30 05:43:19"}
{"level":"info","message":"::1 - - [30/Sep/2025:05:43:49 +0000] \"GET /health HTTP/1.1\" 200 125 \"-\" \"-\"","service":"api-gateway","timestamp":"2025-09-30 05:43:49"}
{"level":"info","message":"::1 - - [30/Sep/2025:05:44:19 +0000] \"GET /health HTTP/1.1\" 200 125 \"-\" \"-\"","service":"api-gateway","timestamp":"2025-09-30 05:44:19"}
{"level":"info","message":"::1 - - [30/Sep/2025:05:44:50 +0000] \"GET /health HTTP/1.1\" 200 125 \"-\" \"-\"","service":"api-gateway","timestamp":"2025-09-30 05:44:50"}
{"level":"info","message":"::1 - - [30/Sep/2025:05:45:20 +0000] \"GET /health HTTP/1.1\" 200 125 \"-\" \"-\"","service":"api-gateway","timestamp":"2025-09-30 05:45:20"}
{"level":"info","message":"::1 - - [30/Sep/2025:05:45:50 +0000] \"GET /health HTTP/1.1\" 200 125 \"-\" \"-\"","service":"api-gateway","timestamp":"2025-09-30 05:45:50"}
{"level":"info","message":"::1 - - [30/Sep/2025:05:46:20 +0000] \"GET /health HTTP/1.1\" 200 125 \"-\" \"-\"","service":"api-gateway","timestamp":"2025-09-30 05:46:20"}
{"level":"info","message":"::1 - - [30/Sep/2025:05:46:50 +0000] \"GET /health HTTP/1.1\" 200 124 \"-\" \"-\"","service":"api-gateway","timestamp":"2025-09-30 05:46:50"}
{"level":"info","message":"::1 - - [30/Sep/2025:05:47:20 +0000] \"GET /health HTTP/1.1\" 200 125 \"-\" \"-\"","service":"api-gateway","timestamp":"2025-09-30 05:47:20"}
{"level":"info","message":"::1 - - [30/Sep/2025:05:47:50 +0000] \"GET /health HTTP/1.1\" 200 125 \"-\" \"-\"","service":"api-gateway","timestamp":"2025-09-30 05:47:50"}
{"activeConnections":0,"averageResponseTime":1,"errorRate":3,"level":"info","message":"Current metrics:","service":"api-gateway","timestamp":"2025-09-30 05:47:50","totalRequests":343}
{"level":"info","message":"::1 - - [30/Sep/2025:05:48:20 +0000] \"GET /health HTTP/1.1\" 200 125 \"-\" \"-\"","service":"api-gateway","timestamp":"2025-09-30 05:48:20"}
{"level":"info","message":"::1 - - [30/Sep/2025:05:48:50 +0000] \"GET /health HTTP/1.1\" 200 125 \"-\" \"-\"","service":"api-gateway","timestamp":"2025-09-30 05:48:50"}
{"level":"info","message":"::1 - - [30/Sep/2025:05:49:20 +0000] \"GET /health HTTP/1.1\" 200 125 \"-\" \"-\"","service":"api-gateway","timestamp":"2025-09-30 05:49:20"}
{"level":"info","message":"::1 - - [30/Sep/2025:05:49:50 +0000] \"GET /health HTTP/1.1\" 200 126 \"-\" \"-\"","service":"api-gateway","timestamp":"2025-09-30 05:49:50"}
{"level":"info","message":"::1 - - [30/Sep/2025:05:50:20 +0000] \"GET /health HTTP/1.1\" 200 126 \"-\" \"-\"","service":"api-gateway","timestamp":"2025-09-30 05:50:20"}
{"level":"info","message":"::1 - - [30/Sep/2025:05:50:50 +0000] \"GET /health HTTP/1.1\" 200 126 \"-\" \"-\"","service":"api-gateway","timestamp":"2025-09-30 05:50:50"}
{"level":"info","message":"::1 - - [30/Sep/2025:05:51:21 +0000] \"GET /health HTTP/1.1\" 200 126 \"-\" \"-\"","service":"api-gateway","timestamp":"2025-09-30 05:51:21"}
{"level":"info","message":"::1 - - [30/Sep/2025:05:51:51 +0000] \"GET /health HTTP/1.1\" 200 126 \"-\" \"-\"","service":"api-gateway","timestamp":"2025-09-30 05:51:51"}
{"level":"info","message":"::1 - - [30/Sep/2025:05:52:21 +0000] \"GET /health HTTP/1.1\" 200 126 \"-\" \"-\"","service":"api-gateway","timestamp":"2025-09-30 05:52:21"}
{"activeConnections":0,"averageResponseTime":1,"errorRate":3,"level":"info","message":"Current metrics:","service":"api-gateway","timestamp":"2025-09-30 05:52:50","totalRequests":352}
{"level":"info","message":"::1 - - [30/Sep/2025:05:52:51 +0000] \"GET /health HTTP/1.1\" 200 126 \"-\" \"-\"","service":"api-gateway","timestamp":"2025-09-30 05:52:51"}
{"level":"info","message":"::1 - - [30/Sep/2025:05:53:21 +0000] \"GET /health HTTP/1.1\" 200 126 \"-\" \"-\"","service":"api-gateway","timestamp":"2025-09-30 05:53:21"}
{"level":"info","message":"::1 - - [30/Sep/2025:05:53:51 +0000] \"GET /health HTTP/1.1\" 200 126 \"-\" \"-\"","service":"api-gateway","timestamp":"2025-09-30 05:53:51"}
{"level":"info","message":"::1 - - [30/Sep/2025:05:54:21 +0000] \"GET /health HTTP/1.1\" 200 126 \"-\" \"-\"","service":"api-gateway","timestamp":"2025-09-30 05:54:21"}
{"level":"info","message":"::1 - - [30/Sep/2025:05:54:51 +0000] \"GET /health HTTP/1.1\" 200 126 \"-\" \"-\"","service":"api-gateway","timestamp":"2025-09-30 05:54:51"}
{"level":"info","message":"::1 - - [30/Sep/2025:05:55:21 +0000] \"GET /health HTTP/1.1\" 200 125 \"-\" \"-\"","service":"api-gateway","timestamp":"2025-09-30 05:55:21"}
{"level":"info","message":"::ffff:192.168.65.1 - - [30/Sep/2025:05:55:22 +0000] \"GET / HTTP/1.1\" 404 186 \"-\" \"Mozilla/5.0 (Macintosh; Intel Mac OS X 10_15_7) AppleWebKit/537.36 (KHTML, like Gecko) Chrome/140.0.0.0 Safari/537.36\"","service":"api-gateway","timestamp":"2025-09-30 05:55:22"}
{"level":"info","message":"::ffff:192.168.65.1 - - [30/Sep/2025:05:55:23 +0000] \"GET / HTTP/1.1\" 404 186 \"-\" \"Mozilla/5.0 (Macintosh; Intel Mac OS X 10_15_7) AppleWebKit/537.36 (KHTML, like Gecko) Chrome/140.0.0.0 Safari/537.36\"","service":"api-gateway","timestamp":"2025-09-30 05:55:23"}
{"level":"info","message":"::ffff:192.168.65.1 - - [30/Sep/2025:05:55:23 +0000] \"GET /favicon.ico HTTP/1.1\" 404 186 \"-\" \"Mozilla/5.0 (Macintosh; Intel Mac OS X 10_15_7) AppleWebKit/537.36 (KHTML, like Gecko) Chrome/140.0.0.0 Safari/537.36\"","service":"api-gateway","timestamp":"2025-09-30 05:55:23"}
{"level":"info","message":"::1 - - [30/Sep/2025:05:55:51 +0000] \"GET /health HTTP/1.1\" 200 126 \"-\" \"-\"","service":"api-gateway","timestamp":"2025-09-30 05:55:51"}
{"level":"info","message":"::1 - - [30/Sep/2025:05:56:21 +0000] \"GET /health HTTP/1.1\" 200 126 \"-\" \"-\"","service":"api-gateway","timestamp":"2025-09-30 05:56:21"}
{"level":"info","message":"::1 - - [30/Sep/2025:05:56:52 +0000] \"GET /health HTTP/1.1\" 200 126 \"-\" \"-\"","service":"api-gateway","timestamp":"2025-09-30 05:56:52"}
{"level":"info","message":"::1 - - [30/Sep/2025:05:57:22 +0000] \"GET /health HTTP/1.1\" 200 126 \"-\" \"-\"","service":"api-gateway","timestamp":"2025-09-30 05:57:22"}
{"activeConnections":0,"averageResponseTime":1,"errorRate":4,"level":"info","message":"Current metrics:","service":"api-gateway","timestamp":"2025-09-30 05:57:50","totalRequests":365}
{"level":"info","message":"::1 - - [30/Sep/2025:05:57:52 +0000] \"GET /health HTTP/1.1\" 200 126 \"-\" \"-\"","service":"api-gateway","timestamp":"2025-09-30 05:57:52"}
{"level":"info","message":"::1 - - [30/Sep/2025:05:58:22 +0000] \"GET /health HTTP/1.1\" 200 126 \"-\" \"-\"","service":"api-gateway","timestamp":"2025-09-30 05:58:22"}
{"level":"info","message":"::1 - - [30/Sep/2025:05:58:52 +0000] \"GET /health HTTP/1.1\" 200 126 \"-\" \"-\"","service":"api-gateway","timestamp":"2025-09-30 05:58:52"}
{"level":"info","message":"::1 - - [30/Sep/2025:05:59:22 +0000] \"GET /health HTTP/1.1\" 200 126 \"-\" \"-\"","service":"api-gateway","timestamp":"2025-09-30 05:59:22"}
{"level":"info","message":"::1 - - [30/Sep/2025:05:59:52 +0000] \"GET /health HTTP/1.1\" 200 126 \"-\" \"-\"","service":"api-gateway","timestamp":"2025-09-30 05:59:52"}
{"level":"info","message":"::1 - - [30/Sep/2025:06:00:22 +0000] \"GET /health HTTP/1.1\" 200 126 \"-\" \"-\"","service":"api-gateway","timestamp":"2025-09-30 06:00:22"}
{"level":"info","message":"::1 - - [30/Sep/2025:06:00:52 +0000] \"GET /health HTTP/1.1\" 200 126 \"-\" \"-\"","service":"api-gateway","timestamp":"2025-09-30 06:00:52"}
{"level":"info","message":"::1 - - [30/Sep/2025:06:01:22 +0000] \"GET /health HTTP/1.1\" 200 125 \"-\" \"-\"","service":"api-gateway","timestamp":"2025-09-30 06:01:22"}
{"level":"info","message":"::1 - - [30/Sep/2025:06:01:52 +0000] \"GET /health HTTP/1.1\" 200 125 \"-\" \"-\"","service":"api-gateway","timestamp":"2025-09-30 06:01:52"}
{"level":"info","message":"::1 - - [30/Sep/2025:06:02:22 +0000] \"GET /health HTTP/1.1\" 200 126 \"-\" \"-\"","service":"api-gateway","timestamp":"2025-09-30 06:02:22"}
{"activeConnections":0,"averageResponseTime":1,"errorRate":4,"level":"info","message":"Current metrics:","service":"api-gateway","timestamp":"2025-09-30 06:02:50","totalRequests":375}
{"level":"info","message":"::1 - - [30/Sep/2025:06:02:52 +0000] \"GET /health HTTP/1.1\" 200 126 \"-\" \"-\"","service":"api-gateway","timestamp":"2025-09-30 06:02:52"}
{"level":"info","message":"::1 - - [30/Sep/2025:06:03:23 +0000] \"GET /health HTTP/1.1\" 200 126 \"-\" \"-\"","service":"api-gateway","timestamp":"2025-09-30 06:03:23"}
{"level":"info","message":"::1 - - [30/Sep/2025:06:03:53 +0000] \"GET /health HTTP/1.1\" 200 125 \"-\" \"-\"","service":"api-gateway","timestamp":"2025-09-30 06:03:53"}
{"level":"info","message":"::1 - - [30/Sep/2025:06:04:23 +0000] \"GET /health HTTP/1.1\" 200 126 \"-\" \"-\"","service":"api-gateway","timestamp":"2025-09-30 06:04:23"}
{"level":"info","message":"::1 - - [30/Sep/2025:06:04:53 +0000] \"GET /health HTTP/1.1\" 200 126 \"-\" \"-\"","service":"api-gateway","timestamp":"2025-09-30 06:04:53"}
{"level":"info","message":"::1 - - [30/Sep/2025:06:05:23 +0000] \"GET /health HTTP/1.1\" 200 126 \"-\" \"-\"","service":"api-gateway","timestamp":"2025-09-30 06:05:23"}
{"level":"info","message":"::1 - - [30/Sep/2025:06:05:53 +0000] \"GET /health HTTP/1.1\" 200 125 \"-\" \"-\"","service":"api-gateway","timestamp":"2025-09-30 06:05:53"}
{"level":"info","message":"::1 - - [30/Sep/2025:06:06:23 +0000] \"GET /health HTTP/1.1\" 200 126 \"-\" \"-\"","service":"api-gateway","timestamp":"2025-09-30 06:06:23"}
{"level":"info","message":"::1 - - [30/Sep/2025:06:06:53 +0000] \"GET /health HTTP/1.1\" 200 126 \"-\" \"-\"","service":"api-gateway","timestamp":"2025-09-30 06:06:53"}
{"level":"info","message":"::1 - - [30/Sep/2025:06:07:23 +0000] \"GET /health HTTP/1.1\" 200 125 \"-\" \"-\"","service":"api-gateway","timestamp":"2025-09-30 06:07:23"}
{"activeConnections":0,"averageResponseTime":1,"errorRate":4,"level":"info","message":"Current metrics:","service":"api-gateway","timestamp":"2025-09-30 06:07:50","totalRequests":385}
{"level":"info","message":"::1 - - [30/Sep/2025:06:07:53 +0000] \"GET /health HTTP/1.1\" 200 126 \"-\" \"-\"","service":"api-gateway","timestamp":"2025-09-30 06:07:53"}
{"level":"info","message":"::1 - - [30/Sep/2025:06:08:23 +0000] \"GET /health HTTP/1.1\" 200 125 \"-\" \"-\"","service":"api-gateway","timestamp":"2025-09-30 06:08:23"}
{"level":"info","message":"::1 - - [30/Sep/2025:06:08:53 +0000] \"GET /health HTTP/1.1\" 200 126 \"-\" \"-\"","service":"api-gateway","timestamp":"2025-09-30 06:08:53"}
{"level":"info","message":"::1 - - [30/Sep/2025:06:09:24 +0000] \"GET /health HTTP/1.1\" 200 126 \"-\" \"-\"","service":"api-gateway","timestamp":"2025-09-30 06:09:24"}
{"level":"info","message":"::1 - - [30/Sep/2025:06:09:54 +0000] \"GET /health HTTP/1.1\" 200 126 \"-\" \"-\"","service":"api-gateway","timestamp":"2025-09-30 06:09:54"}
{"level":"info","message":"::1 - - [30/Sep/2025:06:10:24 +0000] \"GET /health HTTP/1.1\" 200 126 \"-\" \"-\"","service":"api-gateway","timestamp":"2025-09-30 06:10:24"}
{"level":"info","message":"::1 - - [30/Sep/2025:06:10:54 +0000] \"GET /health HTTP/1.1\" 200 126 \"-\" \"-\"","service":"api-gateway","timestamp":"2025-09-30 06:10:54"}
{"level":"info","message":"::1 - - [30/Sep/2025:06:11:24 +0000] \"GET /health HTTP/1.1\" 200 126 \"-\" \"-\"","service":"api-gateway","timestamp":"2025-09-30 06:11:24"}
{"level":"info","message":"::1 - - [30/Sep/2025:06:11:54 +0000] \"GET /health HTTP/1.1\" 200 126 \"-\" \"-\"","service":"api-gateway","timestamp":"2025-09-30 06:11:54"}
{"level":"info","message":"::1 - - [30/Sep/2025:06:12:24 +0000] \"GET /health HTTP/1.1\" 200 126 \"-\" \"-\"","service":"api-gateway","timestamp":"2025-09-30 06:12:24"}
{"activeConnections":0,"averageResponseTime":1,"errorRate":4,"level":"info","message":"Current metrics:","service":"api-gateway","timestamp":"2025-09-30 06:12:50","totalRequests":395}
{"level":"info","message":"::1 - - [30/Sep/2025:06:12:54 +0000] \"GET /health HTTP/1.1\" 200 126 \"-\" \"-\"","service":"api-gateway","timestamp":"2025-09-30 06:12:54"}
{"level":"info","message":"::1 - - [30/Sep/2025:06:13:24 +0000] \"GET /health HTTP/1.1\" 200 126 \"-\" \"-\"","service":"api-gateway","timestamp":"2025-09-30 06:13:24"}
{"level":"info","message":"::1 - - [30/Sep/2025:06:13:54 +0000] \"GET /health HTTP/1.1\" 200 126 \"-\" \"-\"","service":"api-gateway","timestamp":"2025-09-30 06:13:54"}
{"level":"info","message":"::1 - - [30/Sep/2025:06:14:24 +0000] \"GET /health HTTP/1.1\" 200 125 \"-\" \"-\"","service":"api-gateway","timestamp":"2025-09-30 06:14:24"}
{"level":"info","message":"::1 - - [30/Sep/2025:06:14:54 +0000] \"GET /health HTTP/1.1\" 200 126 \"-\" \"-\"","service":"api-gateway","timestamp":"2025-09-30 06:14:54"}
{"level":"info","message":"::1 - - [30/Sep/2025:06:15:25 +0000] \"GET /health HTTP/1.1\" 200 126 \"-\" \"-\"","service":"api-gateway","timestamp":"2025-09-30 06:15:25"}
{"level":"info","message":"::1 - - [30/Sep/2025:06:15:55 +0000] \"GET /health HTTP/1.1\" 200 126 \"-\" \"-\"","service":"api-gateway","timestamp":"2025-09-30 06:15:55"}
{"level":"info","message":"::1 - - [30/Sep/2025:06:16:25 +0000] \"GET /health HTTP/1.1\" 200 126 \"-\" \"-\"","service":"api-gateway","timestamp":"2025-09-30 06:16:25"}
{"level":"info","message":"::1 - - [30/Sep/2025:06:16:55 +0000] \"GET /health HTTP/1.1\" 200 126 \"-\" \"-\"","service":"api-gateway","timestamp":"2025-09-30 06:16:55"}
{"level":"info","message":"::1 - - [30/Sep/2025:06:17:25 +0000] \"GET /health HTTP/1.1\" 200 126 \"-\" \"-\"","service":"api-gateway","timestamp":"2025-09-30 06:17:25"}
{"activeConnections":0,"averageResponseTime":1,"errorRate":4,"level":"info","message":"Current metrics:","service":"api-gateway","timestamp":"2025-09-30 06:17:50","totalRequests":405}
{"level":"info","message":"::1 - - [30/Sep/2025:06:17:55 +0000] \"GET /health HTTP/1.1\" 200 126 \"-\" \"-\"","service":"api-gateway","timestamp":"2025-09-30 06:17:55"}
{"level":"info","message":"::1 - - [30/Sep/2025:06:18:25 +0000] \"GET /health HTTP/1.1\" 200 126 \"-\" \"-\"","service":"api-gateway","timestamp":"2025-09-30 06:18:25"}
{"level":"info","message":"::1 - - [30/Sep/2025:06:18:55 +0000] \"GET /health HTTP/1.1\" 200 126 \"-\" \"-\"","service":"api-gateway","timestamp":"2025-09-30 06:18:55"}
{"level":"info","message":"::1 - - [30/Sep/2025:06:19:25 +0000] \"GET /health HTTP/1.1\" 200 126 \"-\" \"-\"","service":"api-gateway","timestamp":"2025-09-30 06:19:25"}
{"level":"info","message":"::1 - - [30/Sep/2025:06:19:55 +0000] \"GET /health HTTP/1.1\" 200 126 \"-\" \"-\"","service":"api-gateway","timestamp":"2025-09-30 06:19:55"}
{"level":"info","message":"::ffff:192.168.65.1 - - [30/Sep/2025:06:20:08 +0000] \"GET /.well-known/appspecific/com.chrome.devtools.json HTTP/1.1\" 404 186 \"-\" \"Mozilla/5.0 (Macintosh; Intel Mac OS X 10_15_7) AppleWebKit/537.36 (KHTML, like Gecko) Chrome/140.0.0.0 Safari/537.36\"","service":"api-gateway","timestamp":"2025-09-30 06:20:08"}
{"level":"info","message":"::ffff:192.168.65.1 - - [30/Sep/2025:06:20:08 +0000] \"GET /favicon.ico HTTP/1.1\" 404 186 \"-\" \"Mozilla/5.0 (Macintosh; Intel Mac OS X 10_15_7) AppleWebKit/537.36 (KHTML, like Gecko) Chrome/140.0.0.0 Safari/537.36\"","service":"api-gateway","timestamp":"2025-09-30 06:20:08"}
{"level":"info","message":"::1 - - [30/Sep/2025:06:20:25 +0000] \"GET /health HTTP/1.1\" 200 124 \"-\" \"-\"","service":"api-gateway","timestamp":"2025-09-30 06:20:25"}
{"level":"info","message":"::1 - - [30/Sep/2025:06:20:55 +0000] \"GET /health HTTP/1.1\" 200 126 \"-\" \"-\"","service":"api-gateway","timestamp":"2025-09-30 06:20:55"}
{"level":"info","message":"::1 - - [30/Sep/2025:06:21:26 +0000] \"GET /health HTTP/1.1\" 200 126 \"-\" \"-\"","service":"api-gateway","timestamp":"2025-09-30 06:21:26"}
{"level":"info","message":"::1 - - [30/Sep/2025:06:21:56 +0000] \"GET /health HTTP/1.1\" 200 126 \"-\" \"-\"","service":"api-gateway","timestamp":"2025-09-30 06:21:56"}
{"level":"info","message":"::1 - - [30/Sep/2025:06:22:26 +0000] \"GET /health HTTP/1.1\" 200 126 \"-\" \"-\"","service":"api-gateway","timestamp":"2025-09-30 06:22:26"}
{"activeConnections":0,"averageResponseTime":1,"errorRate":4,"level":"info","message":"Current metrics:","service":"api-gateway","timestamp":"2025-09-30 06:22:50","totalRequests":417}
{"level":"info","message":"::1 - - [30/Sep/2025:06:22:56 +0000] \"GET /health HTTP/1.1\" 200 126 \"-\" \"-\"","service":"api-gateway","timestamp":"2025-09-30 06:22:56"}
{"level":"info","message":"::1 - - [30/Sep/2025:06:23:26 +0000] \"GET /health HTTP/1.1\" 200 126 \"-\" \"-\"","service":"api-gateway","timestamp":"2025-09-30 06:23:26"}
{"level":"info","message":"::1 - - [30/Sep/2025:06:23:56 +0000] \"GET /health HTTP/1.1\" 200 126 \"-\" \"-\"","service":"api-gateway","timestamp":"2025-09-30 06:23:56"}
{"level":"info","message":"::1 - - [30/Sep/2025:06:24:26 +0000] \"GET /health HTTP/1.1\" 200 126 \"-\" \"-\"","service":"api-gateway","timestamp":"2025-09-30 06:24:26"}
{"level":"info","message":"::1 - - [30/Sep/2025:06:24:56 +0000] \"GET /health HTTP/1.1\" 200 126 \"-\" \"-\"","service":"api-gateway","timestamp":"2025-09-30 06:24:56"}
{"level":"info","message":"::1 - - [30/Sep/2025:06:25:26 +0000] \"GET /health HTTP/1.1\" 200 126 \"-\" \"-\"","service":"api-gateway","timestamp":"2025-09-30 06:25:26"}
{"level":"info","message":"::1 - - [30/Sep/2025:06:25:56 +0000] \"GET /health HTTP/1.1\" 200 126 \"-\" \"-\"","service":"api-gateway","timestamp":"2025-09-30 06:25:56"}
